TN:
SF:src/claude-integration.js
FN:5,(anonymous_0)
FN:21,(anonymous_1)
FN:46,(anonymous_2)
FN:67,(anonymous_3)
FN:81,(anonymous_4)
FN:85,(anonymous_5)
FN:89,(anonymous_6)
FN:116,(anonymous_7)
FN:129,(anonymous_8)
FN:197,(anonymous_9)
FN:204,(anonymous_10)
FN:218,(anonymous_11)
FN:232,(anonymous_12)
FN:266,(anonymous_13)
FN:314,(anonymous_14)
FN:334,(anonymous_15)
FN:346,(anonymous_16)
FNF:17
FNH:0
FNDA:0,(anonymous_0)
FNDA:0,(anonymous_1)
FNDA:0,(anonymous_2)
FNDA:0,(anonymous_3)
FNDA:0,(anonymous_4)
FNDA:0,(anonymous_5)
FNDA:0,(anonymous_6)
FNDA:0,(anonymous_7)
FNDA:0,(anonymous_8)
FNDA:0,(anonymous_9)
FNDA:0,(anonymous_10)
FNDA:0,(anonymous_11)
FNDA:0,(anonymous_12)
FNDA:0,(anonymous_13)
FNDA:0,(anonymous_14)
FNDA:0,(anonymous_15)
FNDA:0,(anonymous_16)
DA:6,0
DA:7,0
DA:8,0
DA:9,0
DA:10,0
DA:15,0
DA:23,0
DA:24,0
DA:25,0
DA:26,0
DA:30,0
DA:31,0
DA:34,0
DA:35,0
DA:36,0
DA:38,0
DA:39,0
DA:48,0
DA:50,0
DA:58,0
DA:59,0
DA:63,0
DA:64,0
DA:67,0
DA:68,0
DA:78,0
DA:79,0
DA:81,0
DA:82,0
DA:85,0
DA:86,0
DA:89,0
DA:90,0
DA:91,0
DA:92,0
DA:95,0
DA:96,0
DA:99,0
DA:100,0
DA:108,0
DA:110,0
DA:112,0
DA:116,0
DA:117,0
DA:121,0
DA:122,0
DA:131,0
DA:133,0
DA:141,0
DA:142,0
DA:145,0
DA:146,0
DA:149,0
DA:159,0
DA:162,0
DA:163,0
DA:166,0
DA:167,0
DA:168,0
DA:169,0
DA:171,0
DA:172,0
DA:173,0
DA:174,0
DA:175,0
DA:177,0
DA:184,0
DA:185,0
DA:186,0
DA:187,0
DA:189,0
DA:198,0
DA:205,0
DA:206,0
DA:208,0
DA:209,0
DA:210,0
DA:219,0
DA:225,0
DA:226,0
DA:233,0
DA:234,0
DA:237,0
DA:238,0
DA:247,0
DA:248,0
DA:256,0
DA:259,0
DA:267,0
DA:269,0
DA:270,0
DA:271,0
DA:273,0
DA:274,0
DA:278,0
DA:286,0
DA:288,0
DA:293,0
DA:294,0
DA:301,0
DA:302,0
DA:308,0
DA:315,0
DA:317,0
DA:318,0
DA:319,0
DA:320,0
DA:324,0
DA:335,0
DA:340,0
DA:347,0
DA:348,0
DA:350,0
LF:113
LH:0
BRDA:8,0,0,0
BRDA:8,0,1,0
BRDA:25,1,0,0
BRDA:25,1,1,0
BRDA:31,2,0,0
BRDA:31,2,1,0
BRDA:34,3,0,0
BRDA:34,3,1,0
BRDA:46,4,0,0
BRDA:48,5,0,0
BRDA:48,5,1,0
BRDA:58,6,0,0
BRDA:58,6,1,0
BRDA:58,7,0,0
BRDA:58,7,1,0
BRDA:63,8,0,0
BRDA:63,8,1,0
BRDA:63,9,0,0
BRDA:63,9,1,0
BRDA:90,10,0,0
BRDA:90,10,1,0
BRDA:91,11,0,0
BRDA:91,11,1,0
BRDA:99,12,0,0
BRDA:99,12,1,0
BRDA:129,13,0,0
BRDA:131,14,0,0
BRDA:131,14,1,0
BRDA:141,15,0,0
BRDA:141,15,1,0
BRDA:141,16,0,0
BRDA:141,16,1,0
BRDA:145,17,0,0
BRDA:145,17,1,0
BRDA:145,18,0,0
BRDA:145,18,1,0
BRDA:169,19,0,0
BRDA:169,19,1,0
BRDA:172,20,0,0
BRDA:172,20,1,0
BRDA:184,21,0,0
BRDA:184,21,1,0
BRDA:209,22,0,0
BRDA:209,22,1,0
BRDA:218,23,0,0
BRDA:237,24,0,0
BRDA:237,24,1,0
BRDA:237,25,0,0
BRDA:237,25,1,0
BRDA:247,26,0,0
BRDA:247,26,1,0
BRDA:247,27,0,0
BRDA:247,27,1,0
BRDA:249,28,0,0
BRDA:249,28,1,0
BRDA:269,29,0,0
BRDA:269,29,1,0
BRDA:271,30,0,0
BRDA:271,30,1,0
BRDA:271,31,0,0
BRDA:271,31,1,0
BRDA:271,31,2,0
BRDA:274,32,0,0
BRDA:274,32,1,0
BRDA:274,32,2,0
BRDA:274,32,3,0
BRDA:280,33,0,0
BRDA:280,33,1,0
BRDA:286,34,0,0
BRDA:286,34,1,0
BRDA:290,35,0,0
BRDA:290,35,1,0
BRDA:290,35,2,0
BRDA:293,36,0,0
BRDA:293,36,1,0
BRDA:296,37,0,0
BRDA:296,37,1,0
BRDA:301,38,0,0
BRDA:301,38,1,0
BRDA:304,39,0,0
BRDA:304,39,1,0
BRDA:315,40,0,0
BRDA:315,40,1,0
BRDA:315,41,0,0
BRDA:315,41,1,0
BRDA:318,42,0,0
BRDA:318,42,1,0
BRDA:319,43,0,0
BRDA:319,43,1,0
BRDA:319,44,0,0
BRDA:319,44,1,0
BRDA:353,45,0,0
BRDA:353,45,1,0
BRDA:357,46,0,0
BRDA:357,46,1,0
BRF:95
BRH:0
end_of_record
TN:
SF:src/enhanced-file-ops.js
FN:5,(anonymous_0)
FN:14,(anonymous_1)
FN:89,(anonymous_2)
FN:153,(anonymous_3)
FN:176,(anonymous_4)
FN:207,(anonymous_5)
FN:221,(anonymous_6)
FN:235,(anonymous_7)
FN:274,(anonymous_8)
FN:311,(anonymous_9)
FN:311,(anonymous_10)
FN:319,(anonymous_11)
FN:346,(anonymous_12)
FN:350,(anonymous_13)
FN:356,(anonymous_14)
FNF:15
FNH:0
FNDA:0,(anonymous_0)
FNDA:0,(anonymous_1)
FNDA:0,(anonymous_2)
FNDA:0,(anonymous_3)
FNDA:0,(anonymous_4)
FNDA:0,(anonymous_5)
FNDA:0,(anonymous_6)
FNDA:0,(anonymous_7)
FNDA:0,(anonymous_8)
FNDA:0,(anonymous_9)
FNDA:0,(anonymous_10)
FNDA:0,(anonymous_11)
FNDA:0,(anonymous_12)
FNDA:0,(anonymous_13)
FNDA:0,(anonymous_14)
DA:6,0
DA:7,0
DA:8,0
DA:15,0
DA:16,0
DA:19,0
DA:20,0
DA:22,0
DA:26,0
DA:27,0
DA:28,0
DA:30,0
DA:32,0
DA:33,0
DA:34,0
DA:35,0
DA:37,0
DA:38,0
DA:43,0
DA:44,0
DA:50,0
DA:51,0
DA:60,0
DA:61,0
DA:64,0
DA:67,0
DA:68,0
DA:69,0
DA:70,0
DA:71,0
DA:72,0
DA:77,0
DA:79,0
DA:90,0
DA:91,0
DA:92,0
DA:93,0
DA:95,0
DA:99,0
DA:105,0
DA:111,0
DA:117,0
DA:123,0
DA:125,0
DA:131,0
DA:134,0
DA:142,0
DA:147,0
DA:155,0
DA:156,0
DA:157,0
DA:161,0
DA:162,0
DA:163,0
DA:168,0
DA:171,0
DA:172,0
DA:176,0
DA:182,0
DA:183,0
DA:185,0
DA:186,0
DA:189,0
DA:190,0
DA:195,0
DA:199,0
DA:201,0
DA:207,0
DA:213,0
DA:214,0
DA:222,0
DA:223,0
DA:225,0
DA:236,0
DA:237,0
DA:239,0
DA:240,0
DA:241,0
DA:244,0
DA:245,0
DA:247,0
DA:251,0
DA:252,0
DA:253,0
DA:259,0
DA:260,0
DA:262,0
DA:265,0
DA:275,0
DA:276,0
DA:278,0
DA:279,0
DA:280,0
DA:282,0
DA:283,0
DA:288,0
DA:289,0
DA:290,0
DA:292,0
DA:293,0
DA:294,0
DA:304,0
DA:305,0
DA:306,0
DA:310,0
DA:311,0
DA:320,0
DA:321,0
DA:323,0
DA:326,0
DA:327,0
DA:329,0
DA:330,0
DA:331,0
DA:332,0
DA:334,0
DA:335,0
DA:336,0
DA:340,0
DA:347,0
DA:351,0
DA:352,0
DA:353,0
DA:358,0
DA:359,0
DA:360,0
DA:362,0
DA:363,0
DA:364,0
DA:372,0
LF:130
LH:0
BRDA:14,0,0,0
BRDA:14,1,0,0
BRDA:30,2,0,0
BRDA:30,2,1,0
BRDA:30,3,0,0
BRDA:30,3,1,0
BRDA:37,4,0,0
BRDA:37,4,1,0
BRDA:43,5,0,0
BRDA:43,5,1,0
BRDA:50,6,0,0
BRDA:50,6,1,0
BRDA:67,7,0,0
BRDA:67,7,1,0
BRDA:123,8,0,0
BRDA:123,8,1,0
BRDA:123,9,0,0
BRDA:123,9,1,0
BRDA:131,10,0,0
BRDA:131,10,1,0
BRDA:153,11,0,0
BRDA:153,12,0,0
BRDA:156,13,0,0
BRDA:156,13,1,0
BRDA:171,14,0,0
BRDA:171,14,1,0
BRDA:221,15,0,0
BRDA:259,16,0,0
BRDA:259,16,1,0
BRDA:274,17,0,0
BRDA:274,18,0,0
BRDA:279,19,0,0
BRDA:279,19,1,0
BRDA:279,20,0,0
BRDA:279,20,1,0
BRDA:280,21,0,0
BRDA:280,21,1,0
BRDA:292,22,0,0
BRDA:292,22,1,0
BRDA:304,23,0,0
BRDA:304,23,1,0
BRDA:311,24,0,0
BRDA:311,24,1,0
BRDA:327,25,0,0
BRDA:327,25,1,0
BRDA:332,26,0,0
BRDA:332,26,1,0
BRDA:353,27,0,0
BRDA:353,27,1,0
BRDA:363,28,0,0
BRDA:363,28,1,0
BRDA:366,29,0,0
BRDA:366,29,1,0
BRDA:367,30,0,0
BRDA:367,30,1,0
BRF:55
BRH:0
end_of_record
TN:
SF:src/link-index-validator.js
FN:5,(anonymous_0)
FN:13,(anonymous_1)
FN:24,(anonymous_2)
FN:65,(anonymous_3)
FN:66,(anonymous_4)
FN:76,(anonymous_5)
FN:83,(anonymous_6)
FN:86,(anonymous_7)
FN:113,(anonymous_8)
FN:130,(anonymous_9)
FN:131,(anonymous_10)
FN:149,(anonymous_11)
FN:181,(anonymous_12)
FN:190,(anonymous_13)
FN:196,(anonymous_14)
FN:204,(anonymous_15)
FNF:16
FNH:0
FNDA:0,(anonymous_0)
FNDA:0,(anonymous_1)
FNDA:0,(anonymous_2)
FNDA:0,(anonymous_3)
FNDA:0,(anonymous_4)
FNDA:0,(anonymous_5)
FNDA:0,(anonymous_6)
FNDA:0,(anonymous_7)
FNDA:0,(anonymous_8)
FNDA:0,(anonymous_9)
FNDA:0,(anonymous_10)
FNDA:0,(anonymous_11)
FNDA:0,(anonymous_12)
FNDA:0,(anonymous_13)
FNDA:0,(anonymous_14)
FNDA:0,(anonymous_15)
DA:6,0
DA:7,0
DA:14,0
DA:15,0
DA:23,0
DA:24,0
DA:27,0
DA:28,0
DA:31,0
DA:32,0
DA:33,0
DA:34,0
DA:39,0
DA:40,0
DA:41,0
DA:42,0
DA:47,0
DA:48,0
DA:49,0
DA:50,0
DA:51,0
DA:52,0
DA:58,0
DA:59,0
DA:60,0
DA:61,0
DA:63,0
DA:65,0
DA:66,0
DA:71,0
DA:73,0
DA:76,0
DA:84,0
DA:86,0
DA:87,0
DA:88,0
DA:90,0
DA:91,0
DA:92,0
DA:94,0
DA:95,0
DA:96,0
DA:97,0
DA:98,0
DA:106,0
DA:107,0
DA:114,0
DA:115,0
DA:118,0
DA:119,0
DA:121,0
DA:122,0
DA:125,0
DA:130,0
DA:131,0
DA:134,0
DA:141,0
DA:142,0
DA:143,0
DA:144,0
DA:145,0
DA:147,0
DA:149,0
DA:153,0
DA:154,0
DA:156,0
DA:157,0
DA:160,0
DA:161,0
DA:162,0
DA:166,0
DA:167,0
DA:168,0
DA:175,0
DA:183,0
DA:184,0
DA:187,0
DA:188,0
DA:190,0
DA:191,0
DA:193,0
DA:197,0
DA:198,0
DA:207,0
LF:84
LH:0
BRDA:32,0,0,0
BRDA:32,0,1,0
BRDA:40,1,0,0
BRDA:40,1,1,0
BRDA:48,2,0,0
BRDA:48,2,1,0
BRDA:50,3,0,0
BRDA:50,3,1,0
BRDA:58,4,0,0
BRDA:58,4,1,0
BRDA:58,5,0,0
BRDA:58,5,1,0
BRDA:86,6,0,0
BRDA:94,7,0,0
BRDA:94,7,1,0
BRDA:94,8,0,0
BRDA:94,8,1,0
BRDA:96,9,0,0
BRDA:96,9,1,0
BRDA:96,10,0,0
BRDA:96,10,1,0
BRDA:121,11,0,0
BRDA:121,11,1,0
BRDA:160,12,0,0
BRDA:160,12,1,0
BRDA:160,13,0,0
BRDA:160,13,1,0
BRDA:166,14,0,0
BRDA:166,14,1,0
BRDA:183,15,0,0
BRDA:183,15,1,0
BRDA:183,16,0,0
BRDA:183,16,1,0
BRDA:193,17,0,0
BRDA:193,17,1,0
BRF:35
BRH:0
end_of_record
TN:
SF:src/link-index.js
FN:6,(anonymous_0)
FN:21,(anonymous_1)
FN:32,(anonymous_2)
FN:38,(anonymous_3)
FN:42,(anonymous_4)
FN:93,(anonymous_5)
FN:106,(anonymous_6)
FN:156,(anonymous_7)
FN:160,(anonymous_8)
FN:177,(anonymous_9)
FN:182,(anonymous_10)
FN:192,(anonymous_11)
FN:238,(anonymous_12)
FN:247,(anonymous_13)
FN:253,(anonymous_14)
FN:277,(anonymous_15)
FN:281,(anonymous_16)
FN:285,(anonymous_17)
FN:326,(anonymous_18)
FN:335,(anonymous_19)
FN:356,(anonymous_20)
FN:374,(anonymous_21)
FN:384,(anonymous_22)
FN:412,(anonymous_23)
FN:415,(anonymous_24)
FN:425,(anonymous_25)
FNF:26
FNH:0
FNDA:0,(anonymous_0)
FNDA:0,(anonymous_1)
FNDA:0,(anonymous_2)
FNDA:0,(anonymous_3)
FNDA:0,(anonymous_4)
FNDA:0,(anonymous_5)
FNDA:0,(anonymous_6)
FNDA:0,(anonymous_7)
FNDA:0,(anonymous_8)
FNDA:0,(anonymous_9)
FNDA:0,(anonymous_10)
FNDA:0,(anonymous_11)
FNDA:0,(anonymous_12)
FNDA:0,(anonymous_13)
FNDA:0,(anonymous_14)
FNDA:0,(anonymous_15)
FNDA:0,(anonymous_16)
FNDA:0,(anonymous_17)
FNDA:0,(anonymous_18)
FNDA:0,(anonymous_19)
FNDA:0,(anonymous_20)
FNDA:0,(anonymous_21)
FNDA:0,(anonymous_22)
FNDA:0,(anonymous_23)
FNDA:0,(anonymous_24)
FNDA:0,(anonymous_25)
DA:7,0
DA:8,0
DA:9,0
DA:17,0
DA:18,0
DA:22,0
DA:23,0
DA:24,0
DA:25,0
DA:28,0
DA:33,0
DA:34,0
DA:35,0
DA:39,0
DA:40,0
DA:42,0
DA:44,0
DA:45,0
DA:46,0
DA:47,0
DA:48,0
DA:50,0
DA:62,0
DA:63,0
DA:64,0
DA:76,0
DA:77,0
DA:78,0
DA:90,0
DA:95,0
DA:98,0
DA:99,0
DA:103,0
DA:107,0
DA:108,0
DA:109,0
DA:111,0
DA:113,0
DA:124,0
DA:125,0
DA:127,0
DA:129,0
DA:130,0
DA:131,0
DA:134,0
DA:135,0
DA:137,0
DA:138,0
DA:147,0
DA:148,0
DA:151,0
DA:152,0
DA:157,0
DA:161,0
DA:162,0
DA:164,0
DA:165,0
DA:167,0
DA:168,0
DA:169,0
DA:170,0
DA:174,0
DA:178,0
DA:179,0
DA:183,0
DA:184,0
DA:185,0
DA:186,0
DA:189,0
DA:192,0
DA:195,0
DA:197,0
DA:198,0
DA:200,0
DA:201,0
DA:205,0
DA:206,0
DA:207,0
DA:209,0
DA:219,0
DA:220,0
DA:224,0
DA:225,0
DA:230,0
DA:231,0
DA:234,0
DA:240,0
DA:243,0
DA:244,0
DA:249,0
DA:252,0
DA:253,0
DA:254,0
DA:255,0
DA:260,0
DA:261,0
DA:262,0
DA:267,0
DA:268,0
DA:269,0
DA:274,0
DA:278,0
DA:282,0
DA:287,0
DA:290,0
DA:291,0
DA:292,0
DA:296,0
DA:297,0
DA:298,0
DA:302,0
DA:303,0
DA:304,0
DA:305,0
DA:306,0
DA:307,0
DA:308,0
DA:309,0
DA:310,0
DA:311,0
DA:314,0
DA:317,0
DA:318,0
DA:319,0
DA:324,0
DA:325,0
DA:326,0
DA:330,0
DA:332,0
DA:336,0
DA:337,0
DA:339,0
DA:340,0
DA:341,0
DA:342,0
DA:343,0
DA:353,0
DA:357,0
DA:358,0
DA:359,0
DA:361,0
DA:362,0
DA:363,0
DA:365,0
DA:366,0
DA:367,0
DA:371,0
DA:375,0
DA:376,0
DA:378,0
DA:380,0
DA:381,0
DA:385,0
DA:387,0
DA:388,0
DA:391,0
DA:392,0
DA:395,0
DA:396,0
DA:397,0
DA:398,0
DA:400,0
DA:409,0
DA:413,0
DA:414,0
DA:415,0
DA:416,0
DA:417,0
DA:419,0
DA:425,0
LF:170
LH:0
BRDA:47,0,0,0
BRDA:47,0,1,0
BRDA:48,1,0,0
BRDA:48,1,1,0
BRDA:98,2,0,0
BRDA:98,2,1,0
BRDA:107,3,0,0
BRDA:107,3,1,0
BRDA:129,4,0,0
BRDA:129,4,1,0
BRDA:137,5,0,0
BRDA:137,5,1,0
BRDA:147,6,0,0
BRDA:147,6,1,0
BRDA:160,7,0,0
BRDA:160,8,0,0
BRDA:167,9,0,0
BRDA:167,9,1,0
BRDA:167,10,0,0
BRDA:167,10,1,0
BRDA:169,11,0,0
BRDA:169,11,1,0
BRDA:169,12,0,0
BRDA:169,12,1,0
BRDA:197,13,0,0
BRDA:197,13,1,0
BRDA:200,14,0,0
BRDA:200,14,1,0
BRDA:206,15,0,0
BRDA:206,15,1,0
BRDA:219,16,0,0
BRDA:219,16,1,0
BRDA:220,17,0,0
BRDA:220,17,1,0
BRDA:254,18,0,0
BRDA:254,18,1,0
BRDA:261,19,0,0
BRDA:261,19,1,0
BRDA:268,20,0,0
BRDA:268,20,1,0
BRDA:278,21,0,0
BRDA:278,21,1,0
BRDA:282,22,0,0
BRDA:282,22,1,0
BRDA:290,23,0,0
BRDA:290,23,1,0
BRDA:296,24,0,0
BRDA:296,24,1,0
BRDA:304,25,0,0
BRDA:304,25,1,0
BRDA:308,26,0,0
BRDA:308,26,1,0
BRDA:318,27,0,0
BRDA:318,27,1,0
BRDA:325,28,0,0
BRDA:325,28,1,0
BRDA:326,29,0,0
BRDA:326,29,1,0
BRDA:341,30,0,0
BRDA:341,30,1,0
BRDA:342,31,0,0
BRDA:342,31,1,0
BRDA:365,32,0,0
BRDA:365,32,1,0
BRDA:365,33,0,0
BRDA:365,33,1,0
BRDA:375,34,0,0
BRDA:375,34,1,0
BRDA:376,35,0,0
BRDA:376,35,1,0
BRDA:378,36,0,0
BRDA:378,36,1,0
BRDA:397,37,0,0
BRDA:397,37,1,0
BRDA:424,38,0,0
BRDA:424,38,1,0
BRF:76
BRH:0
end_of_record
TN:
SF:src/mcp-bridge-handler.js
FN:8,(anonymous_0)
FN:14,(anonymous_1)
FN:26,(anonymous_2)
FN:46,(anonymous_3)
FN:79,(anonymous_4)
FN:101,(anonymous_5)
FN:107,(anonymous_6)
FN:109,(anonymous_7)
FN:119,(anonymous_8)
FN:163,(anonymous_9)
FN:176,(anonymous_10)
FN:182,(anonymous_11)
FN:188,(anonymous_12)
FN:189,(anonymous_13)
FN:211,(anonymous_14)
FN:236,(anonymous_15)
FN:240,(anonymous_16)
FN:244,(anonymous_17)
FN:256,(anonymous_18)
FN:257,(anonymous_19)
FN:263,(anonymous_20)
FNF:21
FNH:0
FNDA:0,(anonymous_0)
FNDA:0,(anonymous_1)
FNDA:0,(anonymous_2)
FNDA:0,(anonymous_3)
FNDA:0,(anonymous_4)
FNDA:0,(anonymous_5)
FNDA:0,(anonymous_6)
FNDA:0,(anonymous_7)
FNDA:0,(anonymous_8)
FNDA:0,(anonymous_9)
FNDA:0,(anonymous_10)
FNDA:0,(anonymous_11)
FNDA:0,(anonymous_12)
FNDA:0,(anonymous_13)
FNDA:0,(anonymous_14)
FNDA:0,(anonymous_15)
FNDA:0,(anonymous_16)
FNDA:0,(anonymous_17)
FNDA:0,(anonymous_18)
FNDA:0,(anonymous_19)
FNDA:0,(anonymous_20)
DA:5,0
DA:9,0
DA:10,0
DA:11,0
DA:15,0
DA:18,0
DA:19,0
DA:23,0
DA:27,0
DA:29,0
DA:31,0
DA:33,0
DA:35,0
DA:37,0
DA:39,0
DA:42,0
DA:47,0
DA:48,0
DA:50,0
DA:52,0
DA:53,0
DA:56,0
DA:62,0
DA:63,0
DA:66,0
DA:67,0
DA:70,0
DA:71,0
DA:74,0
DA:78,0
DA:79,0
DA:80,0
DA:82,0
DA:84,0
DA:86,0
DA:88,0
DA:94,0
DA:95,0
DA:98,0
DA:102,0
DA:103,0
DA:106,0
DA:107,0
DA:109,0
DA:116,0
DA:120,0
DA:121,0
DA:123,0
DA:124,0
DA:125,0
DA:128,0
DA:129,0
DA:130,0
DA:131,0
DA:133,0
DA:134,0
DA:139,0
DA:140,0
DA:141,0
DA:146,0
DA:147,0
DA:149,0
DA:150,0
DA:153,0
DA:160,0
DA:164,0
DA:166,0
DA:168,0
DA:169,0
DA:172,0
DA:177,0
DA:178,0
DA:179,0
DA:183,0
DA:184,0
DA:185,0
DA:189,0
DA:190,0
DA:200,0
DA:208,0
DA:209,0
DA:211,0
DA:212,0
DA:215,0
DA:216,0
DA:217,0
DA:218,0
DA:219,0
DA:220,0
DA:221,0
DA:222,0
DA:223,0
DA:225,0
DA:227,0
DA:236,0
DA:237,0
DA:240,0
DA:241,0
DA:244,0
DA:245,0
DA:246,0
DA:251,0
DA:257,0
DA:258,0
DA:259,0
DA:264,0
DA:265,0
DA:267,0
DA:268,0
DA:269,0
DA:271,0
DA:272,0
DA:273,0
DA:274,0
DA:275,0
DA:277,0
DA:278,0
DA:279,0
DA:281,0
DA:282,0
DA:284,0
DA:285,0
DA:286,0
DA:287,0
DA:288,0
DA:289,0
DA:290,0
DA:292,0
DA:293,0
DA:297,0
DA:300,0
LF:131
LH:0
BRDA:18,0,0,0
BRDA:18,0,1,0
BRDA:27,1,0,0
BRDA:27,1,1,0
BRDA:27,1,2,0
BRDA:27,1,3,0
BRDA:27,1,4,0
BRDA:27,1,5,0
BRDA:27,1,6,0
BRDA:52,2,0,0
BRDA:52,2,1,0
BRDA:52,3,0,0
BRDA:52,3,1,0
BRDA:62,4,0,0
BRDA:62,4,1,0
BRDA:66,5,0,0
BRDA:66,5,1,0
BRDA:70,6,0,0
BRDA:70,6,1,0
BRDA:70,7,0,0
BRDA:70,7,1,0
BRDA:78,8,0,0
BRDA:78,8,1,0
BRDA:80,9,0,0
BRDA:80,9,1,0
BRDA:80,9,2,0
BRDA:80,9,3,0
BRDA:94,10,0,0
BRDA:94,10,1,0
BRDA:103,11,0,0
BRDA:103,11,1,0
BRDA:125,12,0,0
BRDA:125,12,1,0
BRDA:128,13,0,0
BRDA:128,13,1,0
BRDA:128,14,0,0
BRDA:128,14,1,0
BRDA:130,15,0,0
BRDA:130,15,1,0
BRDA:130,16,0,0
BRDA:130,16,1,0
BRDA:133,17,0,0
BRDA:133,17,1,0
BRDA:133,18,0,0
BRDA:133,18,1,0
BRDA:139,19,0,0
BRDA:139,19,1,0
BRDA:139,20,0,0
BRDA:139,20,1,0
BRDA:140,21,0,0
BRDA:140,21,1,0
BRDA:146,22,0,0
BRDA:146,22,1,0
BRDA:146,23,0,0
BRDA:146,23,1,0
BRDA:149,24,0,0
BRDA:149,24,1,0
BRDA:149,25,0,0
BRDA:149,25,1,0
BRDA:150,26,0,0
BRDA:150,26,1,0
BRDA:150,27,0,0
BRDA:150,27,1,0
BRDA:155,28,0,0
BRDA:155,28,1,0
BRDA:166,29,0,0
BRDA:166,29,1,0
BRDA:168,30,0,0
BRDA:168,30,1,0
BRDA:178,31,0,0
BRDA:178,31,1,0
BRDA:184,32,0,0
BRDA:184,32,1,0
BRDA:218,33,0,0
BRDA:218,33,1,0
BRDA:220,34,0,0
BRDA:220,34,1,0
BRDA:222,35,0,0
BRDA:222,35,1,0
BRDA:245,36,0,0
BRDA:245,36,1,0
BRDA:265,37,0,0
BRDA:265,37,1,0
BRDA:265,38,0,0
BRDA:265,38,1,0
BRDA:267,39,0,0
BRDA:267,39,1,0
BRDA:268,40,0,0
BRDA:268,40,1,0
BRDA:268,41,0,0
BRDA:268,41,1,0
BRDA:269,42,0,0
BRDA:269,42,1,0
BRDA:269,43,0,0
BRDA:269,43,1,0
BRDA:271,44,0,0
BRDA:271,44,1,0
BRDA:273,45,0,0
BRDA:273,45,1,0
BRDA:273,45,2,0
BRDA:274,46,0,0
BRDA:274,46,1,0
BRDA:274,47,0,0
BRDA:274,47,1,0
BRDA:275,48,0,0
BRDA:275,48,1,0
BRDA:275,49,0,0
BRDA:275,49,1,0
BRDA:277,50,0,0
BRDA:277,50,1,0
BRDA:279,51,0,0
BRDA:279,51,1,0
BRDA:279,52,0,0
BRDA:279,52,1,0
BRDA:281,53,0,0
BRDA:281,53,1,0
BRDA:282,54,0,0
BRDA:282,54,1,0
BRDA:284,55,0,0
BRDA:284,55,1,0
BRDA:284,56,0,0
BRDA:284,56,1,0
BRDA:284,56,2,0
BRDA:284,56,3,0
BRDA:286,57,0,0
BRDA:286,57,1,0
BRDA:287,58,0,0
BRDA:287,58,1,0
BRDA:287,59,0,0
BRDA:287,59,1,0
BRDA:288,60,0,0
BRDA:288,60,1,0
BRDA:288,61,0,0
BRDA:288,61,1,0
BRDA:289,62,0,0
BRDA:289,62,1,0
BRDA:289,63,0,0
BRDA:289,63,1,0
BRDA:290,64,0,0
BRDA:290,64,1,0
BRDA:290,65,0,0
BRDA:290,65,1,0
BRDA:292,66,0,0
BRDA:292,66,1,0
BRDA:293,67,0,0
BRDA:293,67,1,0
BRDA:297,68,0,0
BRDA:297,68,1,0
BRF:148
BRH:0
end_of_record
TN:
SF:src/obsidian-api-client.js
FN:2,(anonymous_0)
FN:10,(anonymous_1)
FN:37,(anonymous_2)
FN:40,(anonymous_3)
FN:48,(anonymous_4)
FN:55,(anonymous_5)
FN:87,(anonymous_6)
FN:95,(anonymous_7)
FN:99,(anonymous_8)
FN:103,(anonymous_9)
FN:110,(anonymous_10)
FN:114,(anonymous_11)
FNF:12
FNH:0
FNDA:0,(anonymous_0)
FNDA:0,(anonymous_1)
FNDA:0,(anonymous_2)
FNDA:0,(anonymous_3)
FNDA:0,(anonymous_4)
FNDA:0,(anonymous_5)
FNDA:0,(anonymous_6)
FNDA:0,(anonymous_7)
FNDA:0,(anonymous_8)
FNDA:0,(anonymous_9)
FNDA:0,(anonymous_10)
FNDA:0,(anonymous_11)
DA:3,0
DA:4,0
DA:5,0
DA:6,0
DA:7,0
DA:11,0
DA:12,0
DA:18,0
DA:19,0
DA:20,0
DA:21,0
DA:23,0
DA:24,0
DA:27,0
DA:30,0
DA:34,0
DA:37,0
DA:42,0
DA:43,0
DA:45,0
DA:49,0
DA:50,0
DA:53,0
DA:54,0
DA:55,0
DA:56,0
DA:57,0
DA:61,0
DA:67,0
DA:68,0
DA:69,0
DA:70,0
DA:72,0
DA:73,0
DA:76,0
DA:77,0
DA:78,0
DA:81,0
DA:82,0
DA:83,0
DA:88,0
DA:96,0
DA:100,0
DA:104,0
DA:105,0
DA:107,0
DA:111,0
DA:116,0
DA:117,0
DA:118,0
DA:123,0
LF:51
LH:0
BRDA:2,0,0,0
BRDA:18,1,0,0
BRDA:18,1,1,0
BRDA:21,2,0,0
BRDA:21,2,1,0
BRDA:23,3,0,0
BRDA:23,3,1,0
BRDA:23,4,0,0
BRDA:23,4,1,0
BRDA:42,5,0,0
BRDA:42,5,1,0
BRDA:48,6,0,0
BRDA:49,7,0,0
BRDA:49,7,1,0
BRDA:56,8,0,0
BRDA:56,8,1,0
BRDA:56,9,0,0
BRDA:56,9,1,0
BRDA:67,10,0,0
BRDA:67,10,1,0
BRDA:69,11,0,0
BRDA:69,11,1,0
BRDA:87,12,0,0
BRDA:95,13,0,0
BRDA:96,14,0,0
BRDA:96,14,1,0
BRDA:99,15,0,0
BRDA:104,16,0,0
BRDA:104,16,1,0
BRDA:117,17,0,0
BRDA:117,17,1,0
BRDA:117,18,0,0
BRDA:117,18,1,0
BRF:33
BRH:0
end_of_record
TN:
SF:src/cache/vault-cache.js
FN:6,(anonymous_0)
FN:20,(anonymous_1)
FN:25,(anonymous_2)
FN:30,(anonymous_3)
FN:41,(anonymous_4)
FN:45,(anonymous_5)
FN:75,(anonymous_6)
FN:123,(anonymous_7)
FN:149,(anonymous_8)
FN:157,(anonymous_9)
FN:166,(anonymous_10)
FN:174,(anonymous_11)
FNF:12
FNH:0
FNDA:0,(anonymous_0)
FNDA:0,(anonymous_1)
FNDA:0,(anonymous_2)
FNDA:0,(anonymous_3)
FNDA:0,(anonymous_4)
FNDA:0,(anonymous_5)
FNDA:0,(anonymous_6)
FNDA:0,(anonymous_7)
FNDA:0,(anonymous_8)
FNDA:0,(anonymous_9)
FNDA:0,(anonymous_10)
FNDA:0,(anonymous_11)
DA:7,0
DA:8,0
DA:9,0
DA:10,0
DA:11,0
DA:12,0
DA:13,0
DA:14,0
DA:15,0
DA:16,0
DA:21,0
DA:26,0
DA:31,0
DA:32,0
DA:36,0
DA:37,0
DA:42,0
DA:43,0
DA:45,0
DA:46,0
DA:48,0
DA:49,0
DA:50,0
DA:52,0
DA:53,0
DA:54,0
DA:55,0
DA:57,0
DA:68,0
DA:69,0
DA:71,0
DA:76,0
DA:77,0
DA:79,0
DA:80,0
DA:84,0
DA:87,0
DA:91,0
DA:92,0
DA:95,0
DA:96,0
DA:100,0
DA:107,0
DA:109,0
DA:110,0
DA:113,0
DA:119,0
DA:124,0
DA:125,0
DA:127,0
DA:128,0
DA:132,0
DA:135,0
DA:136,0
DA:137,0
DA:140,0
DA:145,0
DA:150,0
DA:151,0
DA:153,0
DA:158,0
DA:159,0
DA:160,0
DA:161,0
DA:162,0
DA:167,0
DA:170,0
DA:175,0
LF:68
LH:0
BRDA:25,0,0,0
BRDA:30,1,0,0
BRDA:31,2,0,0
BRDA:31,2,1,0
BRDA:31,3,0,0
BRDA:31,3,1,0
BRDA:45,4,0,0
BRDA:52,5,0,0
BRDA:52,5,1,0
BRDA:52,6,0,0
BRDA:52,6,1,0
BRDA:54,7,0,0
BRDA:54,7,1,0
BRDA:54,8,0,0
BRDA:54,8,1,0
BRDA:75,9,0,0
BRDA:79,10,0,0
BRDA:79,10,1,0
BRDA:84,11,0,0
BRDA:84,11,1,0
BRDA:84,12,0,0
BRDA:84,12,1,0
BRDA:84,12,2,0
BRDA:96,13,0,0
BRDA:96,13,1,0
BRDA:96,14,0,0
BRDA:96,14,1,0
BRDA:107,15,0,0
BRDA:107,15,1,0
BRDA:127,16,0,0
BRDA:127,16,1,0
BRDA:127,17,0,0
BRDA:127,17,1,0
BRDA:135,18,0,0
BRDA:135,18,1,0
BRDA:167,19,0,0
BRDA:167,19,1,0
BRDA:170,20,0,0
BRDA:170,20,1,0
BRF:39
BRH:0
end_of_record
TN:
SF:src/dataview/renderer.js
FN:6,(anonymous_0)
FN:11,(anonymous_1)
FN:32,(anonymous_2)
FN:63,(anonymous_3)
FN:64,(anonymous_4)
FN:65,(anonymous_5)
FN:74,(anonymous_6)
FN:97,(anonymous_7)
FN:109,(anonymous_8)
FN:132,(anonymous_9)
FN:136,(anonymous_10)
FN:139,(anonymous_11)
FN:144,(anonymous_12)
FN:162,(anonymous_13)
FN:163,(anonymous_14)
FN:178,(anonymous_15)
FN:209,(anonymous_16)
FN:211,(anonymous_17)
FN:243,(anonymous_18)
FN:245,(anonymous_19)
FN:248,(anonymous_20)
FN:267,(anonymous_21)
FN:269,(anonymous_22)
FN:275,(anonymous_23)
FN:281,(anonymous_24)
FN:299,(anonymous_25)
FN:301,(anonymous_26)
FN:305,(anonymous_27)
FN:308,(anonymous_28)
FNF:29
FNH:0
FNDA:0,(anonymous_0)
FNDA:0,(anonymous_1)
FNDA:0,(anonymous_2)
FNDA:0,(anonymous_3)
FNDA:0,(anonymous_4)
FNDA:0,(anonymous_5)
FNDA:0,(anonymous_6)
FNDA:0,(anonymous_7)
FNDA:0,(anonymous_8)
FNDA:0,(anonymous_9)
FNDA:0,(anonymous_10)
FNDA:0,(anonymous_11)
FNDA:0,(anonymous_12)
FNDA:0,(anonymous_13)
FNDA:0,(anonymous_14)
FNDA:0,(anonymous_15)
FNDA:0,(anonymous_16)
FNDA:0,(anonymous_17)
FNDA:0,(anonymous_18)
FNDA:0,(anonymous_19)
FNDA:0,(anonymous_20)
FNDA:0,(anonymous_21)
FNDA:0,(anonymous_22)
FNDA:0,(anonymous_23)
FNDA:0,(anonymous_24)
FNDA:0,(anonymous_25)
FNDA:0,(anonymous_26)
FNDA:0,(anonymous_27)
FNDA:0,(anonymous_28)
DA:7,0
DA:8,0
DA:13,0
DA:14,0
DA:17,0
DA:18,0
DA:19,0
DA:20,0
DA:21,0
DA:22,0
DA:25,0
DA:29,0
DA:34,0
DA:36,0
DA:37,0
DA:40,0
DA:43,0
DA:46,0
DA:49,0
DA:50,0
DA:51,0
DA:55,0
DA:56,0
DA:60,0
DA:64,0
DA:65,0
DA:66,0
DA:67,0
DA:68,0
DA:70,0
DA:75,0
DA:76,0
DA:78,0
DA:79,0
DA:80,0
DA:81,0
DA:82,0
DA:83,0
DA:89,0
DA:94,0
DA:98,0
DA:100,0
DA:101,0
DA:102,0
DA:106,0
DA:111,0
DA:112,0
DA:113,0
DA:115,0
DA:117,0
DA:118,0
DA:121,0
DA:122,0
DA:123,0
DA:126,0
DA:127,0
DA:131,0
DA:132,0
DA:136,0
DA:140,0
DA:141,0
DA:142,0
DA:144,0
DA:147,0
DA:148,0
DA:149,0
DA:151,0
DA:152,0
DA:155,0
DA:156,0
DA:158,0
DA:163,0
DA:164,0
DA:166,0
DA:167,0
DA:168,0
DA:172,0
DA:174,0
DA:179,0
DA:180,0
DA:184,0
DA:187,0
DA:188,0
DA:189,0
DA:191,0
DA:195,0
DA:197,0
DA:199,0
DA:201,0
DA:203,0
DA:205,0
DA:210,0
DA:211,0
DA:214,0
DA:215,0
DA:217,0
DA:218,0
DA:219,0
DA:222,0
DA:225,0
DA:226,0
DA:230,0
DA:231,0
DA:232,0
DA:233,0
DA:234,0
DA:235,0
DA:237,0
DA:240,0
DA:244,0
DA:245,0
DA:248,0
DA:250,0
DA:251,0
DA:252,0
DA:253,0
DA:254,0
DA:257,0
DA:258,0
DA:259,0
DA:261,0
DA:264,0
DA:268,0
DA:269,0
DA:272,0
DA:274,0
DA:275,0
DA:277,0
DA:279,0
DA:280,0
DA:281,0
DA:282,0
DA:284,0
DA:285,0
DA:287,0
DA:289,0
DA:292,0
DA:293,0
DA:296,0
DA:301,0
DA:304,0
DA:305,0
DA:307,0
DA:308,0
DA:309,0
DA:311,0
DA:312,0
DA:314,0
DA:316,0
DA:319,0
LF:150
LH:0
BRDA:11,0,0,0
BRDA:36,1,0,0
BRDA:36,1,1,0
BRDA:50,2,0,0
BRDA:50,2,1,0
BRDA:55,3,0,0
BRDA:55,3,1,0
BRDA:67,4,0,0
BRDA:67,4,1,0
BRDA:79,5,0,0
BRDA:79,5,1,0
BRDA:79,6,0,0
BRDA:79,6,1,0
BRDA:101,7,0,0
BRDA:101,7,1,0
BRDA:117,8,0,0
BRDA:117,8,1,0
BRDA:121,9,0,0
BRDA:121,9,1,0
BRDA:122,10,0,0
BRDA:122,10,1,0
BRDA:126,11,0,0
BRDA:126,11,1,0
BRDA:131,12,0,0
BRDA:131,12,1,0
BRDA:136,13,0,0
BRDA:136,13,1,0
BRDA:141,14,0,0
BRDA:141,14,1,0
BRDA:147,15,0,0
BRDA:147,15,1,0
BRDA:148,16,0,0
BRDA:148,16,1,0
BRDA:149,17,0,0
BRDA:149,17,1,0
BRDA:151,18,0,0
BRDA:151,18,1,0
BRDA:152,19,0,0
BRDA:152,19,1,0
BRDA:155,20,0,0
BRDA:155,20,1,0
BRDA:156,21,0,0
BRDA:156,21,1,0
BRDA:156,22,0,0
BRDA:156,22,1,0
BRDA:158,23,0,0
BRDA:158,23,1,0
BRDA:158,24,0,0
BRDA:158,24,1,0
BRDA:167,25,0,0
BRDA:167,25,1,0
BRDA:178,26,0,0
BRDA:179,27,0,0
BRDA:179,27,1,0
BRDA:187,28,0,0
BRDA:187,28,1,0
BRDA:188,29,0,0
BRDA:188,29,1,0
BRDA:195,30,0,0
BRDA:195,30,1,0
BRDA:195,30,2,0
BRDA:195,30,3,0
BRDA:195,30,4,0
BRDA:218,31,0,0
BRDA:218,31,1,0
BRDA:219,32,0,0
BRDA:219,32,1,0
BRDA:230,33,0,0
BRDA:230,33,1,0
BRDA:234,34,0,0
BRDA:234,34,1,0
BRDA:248,35,0,0
BRDA:248,35,1,0
BRDA:250,36,0,0
BRDA:250,36,1,0
BRDA:253,37,0,0
BRDA:253,37,1,0
BRDA:254,38,0,0
BRDA:254,38,1,0
BRDA:284,39,0,0
BRDA:284,39,1,0
BRDA:284,40,0,0
BRDA:284,40,1,0
BRDA:292,41,0,0
BRDA:292,41,1,0
BRDA:311,42,0,0
BRDA:311,42,1,0
BRDA:311,43,0,0
BRDA:311,43,1,0
BRDA:311,43,2,0
BRF:90
BRH:0
end_of_record
TN:
SF:src/metrics/auto-collector.js
FN:9,(anonymous_0)
FN:18,(anonymous_1)
FN:27,(anonymous_2)
FN:37,(anonymous_3)
FN:100,(anonymous_4)
FN:112,(anonymous_5)
FN:114,(anonymous_6)
FN:120,(anonymous_7)
FN:143,(anonymous_8)
FN:157,(anonymous_9)
FN:175,(anonymous_10)
FN:198,(anonymous_11)
FN:210,(anonymous_12)
FN:211,(anonymous_13)
FN:212,(anonymous_14)
FNF:15
FNH:0
FNDA:0,(anonymous_0)
FNDA:0,(anonymous_1)
FNDA:0,(anonymous_2)
FNDA:0,(anonymous_3)
FNDA:0,(anonymous_4)
FNDA:0,(anonymous_5)
FNDA:0,(anonymous_6)
FNDA:0,(anonymous_7)
FNDA:0,(anonymous_8)
FNDA:0,(anonymous_9)
FNDA:0,(anonymous_10)
FNDA:0,(anonymous_11)
FNDA:0,(anonymous_12)
FNDA:0,(anonymous_13)
FNDA:0,(anonymous_14)
DA:6,0
DA:10,0
DA:12,0
DA:13,0
DA:14,0
DA:15,0
DA:19,0
DA:20,0
DA:21,0
DA:23,0
DA:28,0
DA:29,0
DA:30,0
DA:31,0
DA:33,0
DA:38,0
DA:41,0
DA:42,0
DA:44,0
DA:45,0
DA:48,0
DA:50,0
DA:51,0
DA:52,0
DA:53,0
DA:55,0
DA:57,0
DA:59,0
DA:61,0
DA:63,0
DA:65,0
DA:68,0
DA:69,0
DA:71,0
DA:72,0
DA:74,0
DA:85,0
DA:86,0
DA:89,0
DA:90,0
DA:94,0
DA:97,0
DA:102,0
DA:103,0
DA:104,0
DA:106,0
DA:107,0
DA:109,0
DA:113,0
DA:114,0
DA:115,0
DA:118,0
DA:120,0
DA:121,0
DA:122,0
DA:133,0
DA:134,0
DA:135,0
DA:136,0
DA:137,0
DA:138,0
DA:143,0
DA:144,0
DA:145,0
DA:146,0
DA:147,0
DA:150,0
DA:158,0
DA:159,0
DA:166,0
DA:175,0
DA:192,0
DA:193,0
DA:195,0
DA:199,0
DA:200,0
DA:203,0
DA:204,0
DA:206,0
DA:207,0
DA:210,0
DA:211,0
DA:212,0
DA:215,0
DA:216,0
DA:217,0
DA:219,0
DA:220,0
DA:221,0
DA:222,0
DA:224,0
LF:91
LH:0
BRDA:48,0,0,0
BRDA:48,0,1,0
BRDA:48,0,2,0
BRDA:48,0,3,0
BRDA:50,1,0,0
BRDA:50,1,1,0
BRDA:51,2,0,0
BRDA:51,2,1,0
BRDA:52,3,0,0
BRDA:52,3,1,0
BRDA:55,4,0,0
BRDA:55,4,1,0
BRDA:56,5,0,0
BRDA:56,5,1,0
BRDA:59,6,0,0
BRDA:59,6,1,0
BRDA:60,7,0,0
BRDA:60,7,1,0
BRDA:63,8,0,0
BRDA:63,8,1,0
BRDA:64,9,0,0
BRDA:64,9,1,0
BRDA:86,10,0,0
BRDA:86,10,1,0
BRDA:89,11,0,0
BRDA:89,11,1,0
BRDA:103,12,0,0
BRDA:103,12,1,0
BRDA:106,13,0,0
BRDA:106,13,1,0
BRDA:106,14,0,0
BRDA:106,14,1,0
BRDA:112,15,0,0
BRDA:121,16,0,0
BRDA:121,16,1,0
BRDA:136,17,0,0
BRDA:136,17,1,0
BRDA:138,18,0,0
BRDA:138,18,1,0
BRDA:147,19,0,0
BRDA:147,19,1,0
BRDA:199,20,0,0
BRDA:199,20,1,0
BRDA:206,21,0,0
BRDA:206,21,1,0
BRDA:219,22,0,0
BRDA:219,22,1,0
BRDA:221,23,0,0
BRDA:221,23,1,0
BRF:49
BRH:0
end_of_record
TN:
SF:src/tools/benchmark.js
FN:24,(anonymous_0)
FN:33,(anonymous_1)
FN:111,formatScenarioSummary
FN:125,formatScenarioResult
FN:147,(anonymous_4)
FN:160,formatComparisonResult
FNF:6
FNH:0
FNDA:0,(anonymous_0)
FNDA:0,(anonymous_1)
FNDA:0,formatScenarioSummary
FNDA:0,formatScenarioResult
FNDA:0,(anonymous_4)
FNDA:0,formatComparisonResult
DA:4,0
DA:25,0
DA:28,0
DA:29,0
DA:33,0
DA:39,0
DA:40,0
DA:43,0
DA:44,0
DA:47,0
DA:49,0
DA:50,0
DA:51,0
DA:53,0
DA:57,0
DA:69,0
DA:70,0
DA:71,0
DA:72,0
DA:82,0
DA:85,0
DA:88,0
DA:98,0
DA:112,0
DA:113,0
DA:114,0
DA:115,0
DA:117,0
DA:118,0
DA:121,0
DA:122,0
DA:126,0
DA:128,0
DA:129,0
DA:130,0
DA:131,0
DA:132,0
DA:134,0
DA:135,0
DA:136,0
DA:137,0
DA:138,0
DA:141,0
DA:142,0
DA:143,0
DA:146,0
DA:147,0
DA:148,0
DA:149,0
DA:150,0
DA:151,0
DA:155,0
DA:157,0
DA:161,0
DA:163,0
DA:165,0
DA:166,0
DA:167,0
DA:169,0
DA:170,0
DA:171,0
DA:172,0
DA:173,0
DA:175,0
DA:177,0
DA:178,0
DA:179,0
DA:180,0
DA:182,0
DA:183,0
DA:187,0
LF:71
LH:0
BRDA:25,0,0,0
BRDA:28,1,0,0
BRDA:28,1,1,0
BRDA:43,2,0,0
BRDA:43,2,1,0
BRDA:50,3,0,0
BRDA:50,3,1,0
BRDA:69,4,0,0
BRDA:69,4,1,0
BRDA:71,5,0,0
BRDA:71,5,1,0
BRDA:117,6,0,0
BRDA:117,6,1,0
BRDA:134,7,0,0
BRDA:134,7,1,0
BRDA:148,8,0,0
BRDA:148,8,1,0
BRDA:150,9,0,0
BRDA:150,9,1,0
BRDA:150,10,0,0
BRDA:150,10,1,0
BRDA:169,11,0,0
BRDA:169,11,1,0
BRDA:169,12,0,0
BRDA:169,12,1,0
BRDA:170,13,0,0
BRDA:170,13,1,0
BRDA:170,14,0,0
BRDA:170,14,1,0
BRDA:171,15,0,0
BRDA:171,15,1,0
BRDA:171,16,0,0
BRDA:171,16,1,0
BRDA:172,17,0,0
BRDA:172,17,1,0
BRDA:172,18,0,0
BRDA:172,18,1,0
BRDA:173,19,0,0
BRDA:173,19,1,0
BRDA:173,20,0,0
BRDA:173,20,1,0
BRDA:175,21,0,0
BRDA:175,21,1,0
BRDA:177,22,0,0
BRDA:177,22,1,0
BRDA:179,23,0,0
BRDA:179,23,1,0
BRDA:182,24,0,0
BRDA:182,24,1,0
BRF:49
BRH:0
end_of_record
TN:
SF:src/tools/daily-note-manager.js
FN:7,(anonymous_0)
FN:18,(anonymous_1)
FN:41,(anonymous_2)
FN:79,(anonymous_3)
FN:122,(anonymous_4)
FN:193,(anonymous_5)
FN:216,(anonymous_6)
FN:255,(anonymous_7)
FN:281,(anonymous_8)
FN:290,(anonymous_9)
FN:291,(anonymous_10)
FN:292,(anonymous_11)
FN:293,(anonymous_12)
FN:303,(anonymous_13)
FNF:14
FNH:0
FNDA:0,(anonymous_0)
FNDA:0,(anonymous_1)
FNDA:0,(anonymous_2)
FNDA:0,(anonymous_3)
FNDA:0,(anonymous_4)
FNDA:0,(anonymous_5)
FNDA:0,(anonymous_6)
FNDA:0,(anonymous_7)
FNDA:0,(anonymous_8)
FNDA:0,(anonymous_9)
FNDA:0,(anonymous_10)
FNDA:0,(anonymous_11)
FNDA:0,(anonymous_12)
FNDA:0,(anonymous_13)
DA:8,0
DA:9,0
DA:10,0
DA:11,0
DA:12,0
DA:19,0
DA:42,0
DA:43,0
DA:44,0
DA:46,0
DA:48,0
DA:51,0
DA:52,0
DA:54,0
DA:63,0
DA:65,0
DA:80,0
DA:81,0
DA:82,0
DA:85,0
DA:86,0
DA:89,0
DA:90,0
DA:93,0
DA:99,0
DA:106,0
DA:109,0
DA:111,0
DA:127,0
DA:129,0
DA:131,0
DA:132,0
DA:135,0
DA:138,0
DA:139,0
DA:141,0
DA:143,0
DA:144,0
DA:145,0
DA:148,0
DA:149,0
DA:151,0
DA:155,0
DA:159,0
DA:161,0
DA:166,0
DA:173,0
DA:179,0
DA:180,0
DA:182,0
DA:198,0
DA:200,0
DA:201,0
DA:202,0
DA:204,0
DA:206,0
DA:217,0
DA:218,0
DA:219,0
DA:221,0
DA:222,0
DA:223,0
DA:224,0
DA:226,0
DA:227,0
DA:228,0
DA:229,0
DA:231,0
DA:239,0
DA:246,0
DA:249,0
DA:257,0
DA:258,0
DA:259,0
DA:260,0
DA:261,0
DA:262,0
DA:263,0
DA:264,0
DA:265,0
DA:266,0
DA:270,0
DA:271,0
DA:272,0
DA:275,0
DA:282,0
DA:283,0
DA:284,0
DA:286,0
DA:288,0
DA:290,0
DA:291,0
DA:292,0
DA:293,0
DA:297,0
DA:304,0
DA:305,0
DA:306,0
DA:309,0
DA:310,0
DA:311,0
DA:312,0
DA:313,0
DA:315,0
DA:317,0
DA:318,0
DA:320,0
DA:324,0
LF:108
LH:0
BRDA:10,0,0,0
BRDA:10,0,1,0
BRDA:11,1,0,0
BRDA:11,1,1,0
BRDA:12,2,0,0
BRDA:12,2,1,0
BRDA:41,3,0,0
BRDA:79,4,0,0
BRDA:122,5,0,0
BRDA:124,6,0,0
BRDA:125,7,0,0
BRDA:126,8,0,0
BRDA:131,9,0,0
BRDA:131,9,1,0
BRDA:131,10,0,0
BRDA:131,10,1,0
BRDA:141,11,0,0
BRDA:141,11,1,0
BRDA:148,12,0,0
BRDA:148,12,1,0
BRDA:193,13,0,0
BRDA:195,14,0,0
BRDA:196,15,0,0
BRDA:197,16,0,0
BRDA:200,17,0,0
BRDA:200,17,1,0
BRDA:201,18,0,0
BRDA:201,18,1,0
BRDA:257,19,0,0
BRDA:257,19,1,0
BRDA:259,20,0,0
BRDA:259,20,1,0
BRDA:263,21,0,0
BRDA:263,21,1,0
BRDA:271,22,0,0
BRDA:271,22,1,0
BRDA:281,23,0,0
BRDA:291,24,0,0
BRDA:291,24,1,0
BRDA:310,25,0,0
BRDA:310,25,1,0
BRDA:312,26,0,0
BRDA:312,26,1,0
BRDA:317,27,0,0
BRDA:317,27,1,0
BRF:45
BRH:0
end_of_record
TN:
SF:src/tools/daily-notes.js
FN:9,get_daily_note
FNF:1
FNH:0
FNDA:0,get_daily_note
DA:10,0
DA:13,0
DA:14,0
DA:15,0
DA:18,0
DA:19,0
DA:20,0
DA:21,0
DA:22,0
DA:23,0
DA:24,0
DA:27,0
DA:28,0
DA:29,0
DA:32,0
DA:33,0
DA:34,0
DA:36,0
DA:37,0
DA:38,0
DA:39,0
DA:40,0
DA:43,0
DA:50,0
DA:64,0
DA:67,0
DA:70,0
LF:27
LH:0
BRDA:9,0,0,0
BRDA:10,1,0,0
BRDA:13,2,0,0
BRDA:13,2,1,0
BRDA:19,3,0,0
BRDA:19,3,1,0
BRDA:21,4,0,0
BRDA:21,4,1,0
BRDA:23,5,0,0
BRDA:23,5,1,0
BRF:10
BRH:0
end_of_record
TN:
SF:src/tools/date-manager.js
FN:8,(anonymous_0)
FN:15,(anonymous_1)
FN:22,(anonymous_2)
FN:58,(anonymous_3)
FN:106,(anonymous_4)
FN:113,(anonymous_5)
FN:132,(anonymous_6)
FN:148,(anonymous_7)
FN:160,(anonymous_8)
FN:176,(anonymous_9)
FNF:10
FNH:0
FNDA:0,(anonymous_0)
FNDA:0,(anonymous_1)
FNDA:0,(anonymous_2)
FNDA:0,(anonymous_3)
FNDA:0,(anonymous_4)
FNDA:0,(anonymous_5)
FNDA:0,(anonymous_6)
FNDA:0,(anonymous_7)
FNDA:0,(anonymous_8)
FNDA:0,(anonymous_9)
DA:9,0
DA:16,0
DA:23,0
DA:26,0
DA:35,0
DA:36,0
DA:37,0
DA:38,0
DA:39,0
DA:47,0
DA:48,0
DA:49,0
DA:52,0
DA:63,0
DA:65,0
DA:66,0
DA:67,0
DA:70,0
DA:71,0
DA:77,0
DA:82,0
DA:84,0
DA:85,0
DA:86,0
DA:87,0
DA:89,0
DA:96,0
DA:98,0
DA:99,0
DA:107,0
DA:115,0
DA:117,0
DA:118,0
DA:119,0
DA:120,0
DA:126,0
DA:133,0
DA:134,0
DA:135,0
DA:136,0
DA:138,0
DA:149,0
DA:151,0
DA:152,0
DA:154,0
DA:161,0
DA:162,0
DA:164,0
DA:166,0
DA:167,0
DA:168,0
DA:169,0
DA:170,0
DA:177,0
DA:178,0
DA:179,0
DA:182,0
DA:184,0
DA:185,0
DA:186,0
DA:187,0
DA:190,0
DA:191,0
DA:192,0
DA:200,0
DA:201,0
DA:202,0
DA:213,0
DA:215,0
LF:69
LH:0
BRDA:8,0,0,0
BRDA:23,1,0,0
BRDA:23,1,1,0
BRDA:38,2,0,0
BRDA:38,2,1,0
BRDA:48,3,0,0
BRDA:48,3,1,0
BRDA:58,4,0,0
BRDA:60,5,0,0
BRDA:61,6,0,0
BRDA:62,7,0,0
BRDA:70,8,0,0
BRDA:70,8,1,0
BRDA:71,9,0,0
BRDA:71,9,1,0
BRDA:77,10,0,0
BRDA:77,10,1,0
BRDA:85,11,0,0
BRDA:85,11,1,0
BRDA:87,12,0,0
BRDA:87,12,1,0
BRDA:89,13,0,0
BRDA:89,13,1,0
BRDA:106,14,0,0
BRDA:106,15,0,0
BRDA:113,16,0,0
BRDA:119,17,0,0
BRDA:119,17,1,0
BRDA:132,18,0,0
BRDA:148,19,0,0
BRDA:149,20,0,0
BRDA:149,20,1,0
BRDA:151,21,0,0
BRDA:151,21,1,0
BRDA:152,22,0,0
BRDA:152,22,1,0
BRDA:152,23,0,0
BRDA:152,23,1,0
BRDA:160,24,0,0
BRDA:166,25,0,0
BRDA:166,25,1,0
BRDA:167,26,0,0
BRDA:167,26,1,0
BRDA:168,27,0,0
BRDA:168,27,1,0
BRDA:169,28,0,0
BRDA:169,28,1,0
BRDA:170,29,0,0
BRDA:170,29,1,0
BRDA:176,30,0,0
BRDA:185,31,0,0
BRDA:185,31,1,0
BRDA:187,32,0,0
BRDA:187,32,1,0
BRDA:191,33,0,0
BRDA:191,33,1,0
BRDA:201,34,0,0
BRDA:201,34,1,0
BRF:58
BRH:0
end_of_record
TN:
SF:src/tools/file-operations-helper.js
FN:12,(anonymous_0)
FN:21,(anonymous_1)
FN:62,(anonymous_2)
FN:103,(anonymous_3)
FN:132,(anonymous_4)
FN:161,(anonymous_5)
FN:194,(anonymous_6)
FN:202,(anonymous_7)
FN:205,(anonymous_8)
FN:224,(anonymous_9)
FN:235,(anonymous_10)
FN:296,(anonymous_11)
FN:313,(anonymous_12)
FN:325,(anonymous_13)
FN:332,(anonymous_14)
FNF:15
FNH:0
FNDA:0,(anonymous_0)
FNDA:0,(anonymous_1)
FNDA:0,(anonymous_2)
FNDA:0,(anonymous_3)
FNDA:0,(anonymous_4)
FNDA:0,(anonymous_5)
FNDA:0,(anonymous_6)
FNDA:0,(anonymous_7)
FNDA:0,(anonymous_8)
FNDA:0,(anonymous_9)
FNDA:0,(anonymous_10)
FNDA:0,(anonymous_11)
FNDA:0,(anonymous_12)
FNDA:0,(anonymous_13)
FNDA:0,(anonymous_14)
DA:13,0
DA:14,0
DA:15,0
DA:23,0
DA:24,0
DA:27,0
DA:28,0
DA:31,0
DA:32,0
DA:35,0
DA:37,0
DA:44,0
DA:45,0
DA:46,0
DA:47,0
DA:51,0
DA:52,0
DA:56,0
DA:64,0
DA:65,0
DA:68,0
DA:69,0
DA:72,0
DA:73,0
DA:76,0
DA:78,0
DA:85,0
DA:86,0
DA:87,0
DA:88,0
DA:92,0
DA:93,0
DA:97,0
DA:104,0
DA:105,0
DA:110,0
DA:111,0
DA:120,0
DA:123,0
DA:125,0
DA:133,0
DA:134,0
DA:139,0
DA:140,0
DA:149,0
DA:152,0
DA:154,0
DA:162,0
DA:163,0
DA:166,0
DA:169,0
DA:172,0
DA:173,0
DA:176,0
DA:178,0
DA:196,0
DA:203,0
DA:204,0
DA:205,0
DA:208,0
DA:209,0
DA:211,0
DA:212,0
DA:215,0
DA:224,0
DA:225,0
DA:229,0
DA:236,0
DA:237,0
DA:238,0
DA:240,0
DA:241,0
DA:242,0
DA:243,0
DA:247,0
DA:253,0
DA:259,0
DA:261,0
DA:267,0
DA:274,0
DA:279,0
DA:281,0
DA:282,0
DA:283,0
DA:290,0
DA:298,0
DA:299,0
DA:303,0
DA:304,0
DA:307,0
DA:314,0
DA:315,0
DA:316,0
DA:318,0
DA:326,0
DA:333,0
DA:334,0
DA:336,0
LF:98
LH:0
BRDA:12,0,0,0
BRDA:35,1,0,0
BRDA:35,1,1,0
BRDA:35,2,0,0
BRDA:35,2,1,0
BRDA:44,3,0,0
BRDA:44,3,1,0
BRDA:46,4,0,0
BRDA:46,4,1,0
BRDA:51,5,0,0
BRDA:51,5,1,0
BRDA:51,6,0,0
BRDA:51,6,1,0
BRDA:76,7,0,0
BRDA:76,7,1,0
BRDA:76,8,0,0
BRDA:76,8,1,0
BRDA:85,9,0,0
BRDA:85,9,1,0
BRDA:87,10,0,0
BRDA:87,10,1,0
BRDA:92,11,0,0
BRDA:92,11,1,0
BRDA:92,12,0,0
BRDA:92,12,1,0
BRDA:110,13,0,0
BRDA:110,13,1,0
BRDA:120,14,0,0
BRDA:120,14,1,0
BRDA:139,15,0,0
BRDA:139,15,1,0
BRDA:149,16,0,0
BRDA:149,16,1,0
BRDA:224,17,0,0
BRDA:224,17,1,0
BRDA:259,18,0,0
BRDA:259,18,1,0
BRDA:259,19,0,0
BRDA:259,19,1,0
BRDA:281,20,0,0
BRDA:281,20,1,0
BRDA:298,21,0,0
BRDA:298,21,1,0
BRDA:303,22,0,0
BRDA:303,22,1,0
BRF:45
BRH:0
end_of_record
TN:
SF:src/tools/file-operations.js
FN:11,rename_file
FN:66,move_file
FN:80,archive_notes
FN:163,(anonymous_3)
FN:163,(anonymous_4)
FN:178,updateLinksForBatchMove
FN:201,(anonymous_6)
FN:228,(anonymous_7)
FN:253,get_links
FN:301,get_backlinks
FN:356,updateLinksInVault
FN:395,(anonymous_11)
FN:420,(anonymous_12)
FN:426,(anonymous_13)
FNF:14
FNH:0
FNDA:0,rename_file
FNDA:0,move_file
FNDA:0,archive_notes
FNDA:0,(anonymous_3)
FNDA:0,(anonymous_4)
FNDA:0,updateLinksForBatchMove
FNDA:0,(anonymous_6)
FNDA:0,(anonymous_7)
FNDA:0,get_links
FNDA:0,get_backlinks
FNDA:0,updateLinksInVault
FNDA:0,(anonymous_11)
FNDA:0,(anonymous_12)
FNDA:0,(anonymous_13)
DA:12,0
DA:14,0
DA:15,0
DA:19,0
DA:20,0
DA:21,0
DA:24,0
DA:25,0
DA:27,0
DA:28,0
DA:31,0
DA:32,0
DA:34,0
DA:38,0
DA:39,0
DA:40,0
DA:43,0
DA:44,0
DA:49,0
DA:52,0
DA:55,0
DA:57,0
DA:67,0
DA:69,0
DA:70,0
DA:74,0
DA:81,0
DA:83,0
DA:84,0
DA:88,0
DA:89,0
DA:90,0
DA:93,0
DA:94,0
DA:95,0
DA:96,0
DA:98,0
DA:103,0
DA:104,0
DA:105,0
DA:109,0
DA:110,0
DA:112,0
DA:113,0
DA:114,0
DA:115,0
DA:118,0
DA:119,0
DA:121,0
DA:127,0
DA:131,0
DA:132,0
DA:135,0
DA:136,0
DA:138,0
DA:148,0
DA:149,0
DA:150,0
DA:152,0
DA:155,0
DA:158,0
DA:159,0
DA:163,0
DA:168,0
DA:170,0
DA:179,0
DA:184,0
DA:186,0
DA:187,0
DA:188,0
DA:189,0
DA:190,0
DA:193,0
DA:194,0
DA:195,0
DA:196,0
DA:199,0
DA:201,0
DA:202,0
DA:205,0
DA:207,0
DA:208,0
DA:210,0
DA:213,0
DA:214,0
DA:219,0
DA:224,0
DA:225,0
DA:226,0
DA:228,0
DA:229,0
DA:230,0
DA:233,0
DA:234,0
DA:236,0
DA:242,0
DA:243,0
DA:244,0
DA:246,0
DA:250,0
DA:254,0
DA:256,0
DA:257,0
DA:261,0
DA:262,0
DA:263,0
DA:265,0
DA:266,0
DA:269,0
DA:272,0
DA:274,0
DA:275,0
DA:284,0
DA:285,0
DA:286,0
DA:294,0
DA:302,0
DA:304,0
DA:305,0
DA:309,0
DA:310,0
DA:311,0
DA:314,0
DA:319,0
DA:320,0
DA:322,0
DA:323,0
DA:325,0
DA:326,0
DA:329,0
DA:330,0
DA:333,0
DA:334,0
DA:336,0
DA:337,0
DA:348,0
DA:357,0
DA:362,0
DA:363,0
DA:364,0
DA:365,0
DA:366,0
DA:368,0
DA:369,0
DA:370,0
DA:371,0
DA:374,0
DA:378,0
DA:380,0
DA:384,0
DA:386,0
DA:387,0
DA:389,0
DA:392,0
DA:395,0
DA:396,0
DA:398,0
DA:399,0
DA:401,0
DA:404,0
DA:407,0
DA:408,0
DA:409,0
DA:414,0
DA:415,0
DA:416,0
DA:420,0
DA:422,0
DA:423,0
DA:424,0
DA:425,0
DA:426,0
DA:427,0
DA:428,0
DA:429,0
DA:431,0
DA:434,0
DA:437,0
DA:438,0
DA:439,0
DA:444,0
DA:445,0
DA:446,0
DA:447,0
DA:448,0
DA:453,0
DA:454,0
DA:455,0
DA:456,0
DA:457,0
DA:460,0
DA:462,0
DA:463,0
DA:464,0
DA:465,0
DA:468,0
DA:469,0
DA:473,0
LF:198
LH:0
BRDA:14,0,0,0
BRDA:14,0,1,0
BRDA:14,1,0,0
BRDA:14,1,1,0
BRDA:19,2,0,0
BRDA:19,2,1,0
BRDA:43,3,0,0
BRDA:43,3,1,0
BRDA:43,4,0,0
BRDA:43,4,1,0
BRDA:69,5,0,0
BRDA:69,5,1,0
BRDA:69,6,0,0
BRDA:69,6,1,0
BRDA:83,7,0,0
BRDA:83,7,1,0
BRDA:88,8,0,0
BRDA:88,8,1,0
BRDA:205,9,0,0
BRDA:205,9,1,0
BRDA:207,10,0,0
BRDA:207,10,1,0
BRDA:208,11,0,0
BRDA:208,11,1,0
BRDA:210,12,0,0
BRDA:210,12,1,0
BRDA:214,13,0,0
BRDA:214,13,1,0
BRDA:233,14,0,0
BRDA:233,14,1,0
BRDA:234,15,0,0
BRDA:234,15,1,0
BRDA:236,16,0,0
BRDA:236,16,1,0
BRDA:242,17,0,0
BRDA:242,17,1,0
BRDA:256,18,0,0
BRDA:256,18,1,0
BRDA:261,19,0,0
BRDA:261,19,1,0
BRDA:278,20,0,0
BRDA:278,20,1,0
BRDA:304,21,0,0
BRDA:304,21,1,0
BRDA:309,22,0,0
BRDA:309,22,1,0
BRDA:316,23,0,0
BRDA:316,23,1,0
BRDA:323,24,0,0
BRDA:323,24,1,0
BRDA:330,25,0,0
BRDA:330,25,1,0
BRDA:334,26,0,0
BRDA:334,26,1,0
BRDA:336,27,0,0
BRDA:336,27,1,0
BRDA:336,28,0,0
BRDA:336,28,1,0
BRDA:359,29,0,0
BRDA:359,29,1,0
BRDA:378,30,0,0
BRDA:378,30,1,0
BRDA:384,31,0,0
BRDA:384,31,1,0
BRDA:387,32,0,0
BRDA:387,32,1,0
BRDA:396,33,0,0
BRDA:396,33,1,0
BRDA:399,34,0,0
BRDA:399,34,1,0
BRDA:407,35,0,0
BRDA:407,35,1,0
BRDA:427,36,0,0
BRDA:427,36,1,0
BRDA:429,37,0,0
BRDA:429,37,1,0
BRDA:437,38,0,0
BRDA:437,38,1,0
BRDA:446,39,0,0
BRDA:446,39,1,0
BRDA:455,40,0,0
BRDA:455,40,1,0
BRDA:460,41,0,0
BRDA:460,41,1,0
BRDA:463,42,0,0
BRDA:463,42,1,0
BRF:86
BRH:0
end_of_record
TN:
SF:src/tools/frontmatter-manager.js
FN:6,(anonymous_0)
FN:14,(anonymous_1)
FN:50,(anonymous_2)
FN:126,(anonymous_3)
FN:128,(anonymous_4)
FN:133,(anonymous_5)
FN:134,(anonymous_6)
FN:147,(anonymous_7)
FN:155,(anonymous_8)
FN:168,(anonymous_9)
FN:176,(anonymous_10)
FN:181,(anonymous_11)
FN:191,(anonymous_12)
FN:193,(anonymous_13)
FN:204,(anonymous_14)
FN:211,(anonymous_15)
FN:218,(anonymous_16)
FNF:17
FNH:0
FNDA:0,(anonymous_0)
FNDA:0,(anonymous_1)
FNDA:0,(anonymous_2)
FNDA:0,(anonymous_3)
FNDA:0,(anonymous_4)
FNDA:0,(anonymous_5)
FNDA:0,(anonymous_6)
FNDA:0,(anonymous_7)
FNDA:0,(anonymous_8)
FNDA:0,(anonymous_9)
FNDA:0,(anonymous_10)
FNDA:0,(anonymous_11)
FNDA:0,(anonymous_12)
FNDA:0,(anonymous_13)
FNDA:0,(anonymous_14)
FNDA:0,(anonymous_15)
FNDA:0,(anonymous_16)
DA:7,0
DA:8,0
DA:15,0
DA:17,0
DA:18,0
DA:19,0
DA:20,0
DA:30,0
DA:31,0
DA:32,0
DA:34,0
DA:40,0
DA:51,0
DA:53,0
DA:54,0
DA:57,0
DA:58,0
DA:62,0
DA:64,0
DA:67,0
DA:68,0
DA:70,0
DA:71,0
DA:73,0
DA:74,0
DA:75,0
DA:77,0
DA:81,0
DA:86,0
DA:90,0
DA:96,0
DA:99,0
DA:100,0
DA:103,0
DA:109,0
DA:115,0
DA:127,0
DA:129,0
DA:133,0
DA:134,0
DA:136,0
DA:148,0
DA:149,0
DA:151,0
DA:152,0
DA:155,0
DA:156,0
DA:160,0
DA:162,0
DA:169,0
DA:170,0
DA:172,0
DA:173,0
DA:176,0
DA:177,0
DA:181,0
DA:182,0
DA:185,0
DA:193,0
DA:194,0
DA:198,0
DA:205,0
DA:212,0
DA:219,0
DA:220,0
DA:222,0
DA:223,0
DA:224,0
DA:227,0
LF:69
LH:0
BRDA:17,0,0,0
BRDA:17,0,1,0
BRDA:17,1,0,0
BRDA:17,1,1,0
BRDA:19,2,0,0
BRDA:19,2,1,0
BRDA:19,3,0,0
BRDA:19,3,1,0
BRDA:19,3,2,0
BRDA:19,3,3,0
BRDA:22,4,0,0
BRDA:22,4,1,0
BRDA:23,5,0,0
BRDA:23,5,1,0
BRDA:36,6,0,0
BRDA:36,6,1,0
BRDA:50,7,0,0
BRDA:51,8,0,0
BRDA:51,9,0,0
BRDA:62,10,0,0
BRDA:62,10,1,0
BRDA:68,11,0,0
BRDA:68,11,1,0
BRDA:68,12,0,0
BRDA:68,12,1,0
BRDA:71,13,0,0
BRDA:71,13,1,0
BRDA:71,14,0,0
BRDA:71,14,1,0
BRDA:74,15,0,0
BRDA:74,15,1,0
BRDA:91,16,0,0
BRDA:91,16,1,0
BRDA:99,17,0,0
BRDA:99,17,1,0
BRDA:99,18,0,0
BRDA:99,18,1,0
BRDA:126,19,0,0
BRDA:149,20,0,0
BRDA:149,20,1,0
BRDA:151,21,0,0
BRDA:151,21,1,0
BRDA:152,22,0,0
BRDA:152,22,1,0
BRDA:156,23,0,0
BRDA:156,23,1,0
BRDA:170,24,0,0
BRDA:170,24,1,0
BRDA:172,25,0,0
BRDA:172,25,1,0
BRDA:173,26,0,0
BRDA:173,26,1,0
BRDA:177,27,0,0
BRDA:177,27,1,0
BRDA:194,28,0,0
BRDA:194,28,1,0
BRDA:220,29,0,0
BRDA:220,29,1,0
BRF:58
BRH:0
end_of_record
TN:
SF:src/tools/frontmatter-validator.js
FN:8,(anonymous_0)
FN:40,(anonymous_1)
FN:74,(anonymous_2)
FN:129,(anonymous_3)
FN:154,(anonymous_4)
FN:158,(anonymous_5)
FN:162,(anonymous_6)
FN:165,(anonymous_7)
FN:175,(anonymous_8)
FN:223,(anonymous_9)
FNF:10
FNH:0
FNDA:0,(anonymous_0)
FNDA:0,(anonymous_1)
FNDA:0,(anonymous_2)
FNDA:0,(anonymous_3)
FNDA:0,(anonymous_4)
FNDA:0,(anonymous_5)
FNDA:0,(anonymous_6)
FNDA:0,(anonymous_7)
FNDA:0,(anonymous_8)
FNDA:0,(anonymous_9)
DA:9,0
DA:10,0
DA:11,0
DA:12,0
DA:15,0
DA:16,0
DA:17,0
DA:18,0
DA:21,0
DA:28,0
DA:41,0
DA:42,0
DA:43,0
DA:46,0
DA:47,0
DA:53,0
DA:57,0
DA:59,0
DA:64,0
DA:68,0
DA:69,0
DA:72,0
DA:74,0
DA:75,0
DA:76,0
DA:82,0
DA:84,0
DA:92,0
DA:96,0
DA:97,0
DA:98,0
DA:99,0
DA:107,0
DA:108,0
DA:109,0
DA:110,0
DA:113,0
DA:116,0
DA:123,0
DA:130,0
DA:132,0
DA:133,0
DA:134,0
DA:139,0
DA:140,0
DA:148,0
DA:155,0
DA:158,0
DA:161,0
DA:162,0
DA:164,0
DA:165,0
DA:166,0
DA:169,0
DA:176,0
DA:177,0
DA:178,0
DA:179,0
DA:182,0
DA:183,0
DA:185,0
DA:186,0
DA:187,0
DA:188,0
DA:190,0
DA:191,0
DA:196,0
DA:199,0
DA:200,0
DA:201,0
DA:202,0
DA:206,0
DA:212,0
DA:225,0
DA:226,0
DA:230,0
DA:231,0
DA:238,0
LF:78
LH:0
BRDA:46,0,0,0
BRDA:46,0,1,0
BRDA:57,1,0,0
BRDA:57,1,1,0
BRDA:59,2,0,0
BRDA:59,2,1,0
BRDA:59,2,2,0
BRDA:59,2,3,0
BRDA:59,2,4,0
BRDA:59,2,5,0
BRDA:68,3,0,0
BRDA:68,3,1,0
BRDA:72,4,0,0
BRDA:72,4,1,0
BRDA:75,5,0,0
BRDA:75,5,1,0
BRDA:82,6,0,0
BRDA:82,6,1,0
BRDA:96,7,0,0
BRDA:96,7,1,0
BRDA:98,8,0,0
BRDA:98,8,1,0
BRDA:133,9,0,0
BRDA:133,9,1,0
BRDA:139,10,0,0
BRDA:139,10,1,0
BRDA:155,11,0,0
BRDA:155,11,1,0
BRDA:155,12,0,0
BRDA:155,12,1,0
BRDA:165,13,0,0
BRDA:165,13,1,0
BRDA:185,14,0,0
BRDA:185,14,1,0
BRDA:187,15,0,0
BRDA:187,15,1,0
BRDA:190,16,0,0
BRDA:190,16,1,0
BRDA:199,17,0,0
BRDA:199,17,1,0
BRDA:225,18,0,0
BRDA:225,18,1,0
BRDA:230,19,0,0
BRDA:230,19,1,0
BRDA:230,20,0,0
BRDA:230,20,1,0
BRDA:230,20,2,0
BRF:47
BRH:0
end_of_record
TN:
SF:src/tools/git-integration.js
FN:9,git_checkpoint
FN:77,git_changes
FN:123,(anonymous_2)
FN:141,git_rollback
FNF:4
FNH:0
FNDA:0,git_checkpoint
FNDA:0,git_changes
FNDA:0,(anonymous_2)
FNDA:0,git_rollback
DA:10,0
DA:12,0
DA:13,0
DA:17,0
DA:18,0
DA:19,0
DA:22,0
DA:23,0
DA:33,0
DA:35,0
DA:37,0
DA:38,0
DA:40,0
DA:41,0
DA:42,0
DA:46,0
DA:49,0
DA:50,0
DA:51,0
DA:59,0
DA:61,0
DA:69,0
DA:78,0
DA:81,0
DA:82,0
DA:83,0
DA:86,0
DA:87,0
DA:103,0
DA:105,0
DA:107,0
DA:110,0
DA:115,0
DA:123,0
DA:133,0
DA:142,0
DA:144,0
DA:145,0
DA:149,0
DA:150,0
DA:151,0
DA:154,0
DA:155,0
DA:163,0
DA:165,0
DA:167,0
DA:168,0
DA:169,0
DA:173,0
DA:175,0
DA:181,0
LF:51
LH:0
BRDA:12,0,0,0
BRDA:12,0,1,0
BRDA:17,1,0,0
BRDA:17,1,1,0
BRDA:22,2,0,0
BRDA:22,2,1,0
BRDA:38,3,0,0
BRDA:38,3,1,0
BRDA:50,4,0,0
BRDA:50,4,1,0
BRDA:77,5,0,0
BRDA:78,6,0,0
BRDA:81,7,0,0
BRDA:81,7,1,0
BRDA:86,8,0,0
BRDA:86,8,1,0
BRDA:144,9,0,0
BRDA:144,9,1,0
BRDA:149,10,0,0
BRDA:149,10,1,0
BRDA:154,11,0,0
BRDA:154,11,1,0
BRDA:168,12,0,0
BRDA:168,12,1,0
BRF:24
BRH:0
end_of_record
TN:
SF:src/tools/link-formatter.js
FN:4,(anonymous_0)
FN:11,(anonymous_1)
FN:23,(anonymous_2)
FN:91,(anonymous_3)
FN:98,(anonymous_4)
FN:117,(anonymous_5)
FN:131,(anonymous_6)
FN:136,(anonymous_7)
FN:141,(anonymous_8)
FN:151,(anonymous_9)
FN:168,(anonymous_10)
FN:174,(anonymous_11)
FN:189,(anonymous_12)
FN:190,(anonymous_13)
FN:201,(anonymous_14)
FNF:15
FNH:0
FNDA:0,(anonymous_0)
FNDA:0,(anonymous_1)
FNDA:0,(anonymous_2)
FNDA:0,(anonymous_3)
FNDA:0,(anonymous_4)
FNDA:0,(anonymous_5)
FNDA:0,(anonymous_6)
FNDA:0,(anonymous_7)
FNDA:0,(anonymous_8)
FNDA:0,(anonymous_9)
FNDA:0,(anonymous_10)
FNDA:0,(anonymous_11)
FNDA:0,(anonymous_12)
FNDA:0,(anonymous_13)
FNDA:0,(anonymous_14)
DA:5,0
DA:13,0
DA:14,0
DA:17,0
DA:25,0
DA:26,0
DA:29,0
DA:30,0
DA:33,0
DA:34,0
DA:38,0
DA:39,0
DA:44,0
DA:45,0
DA:49,0
DA:55,0
DA:56,0
DA:65,0
DA:66,0
DA:70,0
DA:79,0
DA:80,0
DA:81,0
DA:82,0
DA:85,0
DA:98,0
DA:100,0
DA:101,0
DA:105,0
DA:108,0
DA:109,0
DA:111,0
DA:117,0
DA:119,0
DA:120,0
DA:122,0
DA:125,0
DA:132,0
DA:135,0
DA:136,0
DA:137,0
DA:138,0
DA:142,0
DA:143,0
DA:150,0
DA:151,0
DA:152,0
DA:159,0
DA:169,0
DA:172,0
DA:174,0
DA:175,0
DA:176,0
DA:183,0
DA:190,0
DA:192,0
DA:193,0
DA:194,0
DA:203,0
DA:206,0
DA:207,0
DA:210,0
DA:211,0
DA:213,0
LF:64
LH:0
BRDA:4,0,0,0
BRDA:11,1,0,0
BRDA:13,2,0,0
BRDA:13,2,1,0
BRDA:13,3,0,0
BRDA:13,3,1,0
BRDA:33,4,0,0
BRDA:33,4,1,0
BRDA:33,5,0,0
BRDA:33,5,1,0
BRDA:44,6,0,0
BRDA:44,6,1,0
BRDA:44,7,0,0
BRDA:44,7,1,0
BRDA:44,7,2,0
BRDA:45,8,0,0
BRDA:45,8,1,0
BRDA:51,9,0,0
BRDA:51,9,1,0
BRDA:55,10,0,0
BRDA:55,10,1,0
BRDA:55,11,0,0
BRDA:55,11,1,0
BRDA:66,12,0,0
BRDA:66,12,1,0
BRDA:91,13,0,0
BRDA:100,14,0,0
BRDA:100,14,1,0
BRDA:100,15,0,0
BRDA:100,15,1,0
BRDA:108,16,0,0
BRDA:108,16,1,0
BRDA:119,17,0,0
BRDA:119,17,1,0
BRDA:119,18,0,0
BRDA:119,18,1,0
BRDA:135,19,0,0
BRDA:135,19,1,0
BRDA:137,20,0,0
BRDA:137,20,1,0
BRDA:137,21,0,0
BRDA:137,21,1,0
BRDA:143,22,0,0
BRDA:143,22,1,0
BRDA:150,23,0,0
BRDA:150,23,1,0
BRDA:172,24,0,0
BRDA:172,24,1,0
BRDA:179,25,0,0
BRDA:179,25,1,0
BRDA:189,26,0,0
BRDA:192,27,0,0
BRDA:192,27,1,0
BRDA:193,28,0,0
BRDA:193,28,1,0
BRDA:201,29,0,0
BRDA:206,30,0,0
BRDA:206,30,1,0
BRDA:210,31,0,0
BRDA:210,31,1,0
BRDA:210,32,0,0
BRDA:210,32,1,0
BRF:62
BRH:0
end_of_record
TN:
SF:src/tools/path-validator.js
FN:7,validatePath
FNF:1
FNH:0
FNDA:0,validatePath
DA:9,0
DA:10,0
DA:14,0
DA:17,0
DA:18,0
DA:22,0
DA:23,0
DA:25,0
DA:26,0
DA:30,0
DA:31,0
DA:32,0
DA:36,0
DA:37,0
DA:38,0
DA:39,0
DA:42,0
LF:17
LH:0
BRDA:9,0,0,0
BRDA:9,0,1,0
BRDA:17,1,0,0
BRDA:17,1,1,0
BRDA:25,2,0,0
BRDA:25,2,1,0
BRDA:31,3,0,0
BRDA:31,3,1,0
BRDA:38,4,0,0
BRDA:38,4,1,0
BRF:10
BRH:0
end_of_record
TN:
SF:src/tools/project-init.js
FN:9,(anonymous_0)
FN:22,(anonymous_1)
FN:54,(anonymous_2)
FN:115,(anonymous_3)
FN:177,(anonymous_4)
FN:181,(anonymous_5)
FN:218,(anonymous_6)
FN:252,(anonymous_7)
FN:282,(anonymous_8)
FN:378,(anonymous_9)
FN:388,(anonymous_10)
FN:391,(anonymous_11)
FN:409,(anonymous_12)
FNF:13
FNH:0
FNDA:0,(anonymous_0)
FNDA:0,(anonymous_1)
FNDA:0,(anonymous_2)
FNDA:0,(anonymous_3)
FNDA:0,(anonymous_4)
FNDA:0,(anonymous_5)
FNDA:0,(anonymous_6)
FNDA:0,(anonymous_7)
FNDA:0,(anonymous_8)
FNDA:0,(anonymous_9)
FNDA:0,(anonymous_10)
FNDA:0,(anonymous_11)
FNDA:0,(anonymous_12)
DA:6,0
DA:10,0
DA:11,0
DA:13,0
DA:14,0
DA:15,0
DA:23,0
DA:24,0
DA:26,0
DA:27,0
DA:28,0
DA:29,0
DA:32,0
DA:33,0
DA:34,0
DA:37,0
DA:38,0
DA:41,0
DA:63,0
DA:66,0
DA:69,0
DA:70,0
DA:71,0
DA:75,0
DA:76,0
DA:86,0
DA:87,0
DA:88,0
DA:91,0
DA:92,0
DA:93,0
DA:104,0
DA:105,0
DA:115,0
DA:120,0
DA:121,0
DA:123,0
DA:125,0
DA:128,0
DA:129,0
DA:130,0
DA:134,0
DA:135,0
DA:136,0
DA:138,0
DA:139,0
DA:142,0
DA:145,0
DA:146,0
DA:150,0
DA:152,0
DA:165,0
DA:178,0
DA:181,0
DA:182,0
DA:185,0
DA:187,0
DA:188,0
DA:190,0
DA:194,0
DA:195,0
DA:197,0
DA:199,0
DA:201,0
DA:204,0
DA:208,0
DA:211,0
DA:219,0
DA:221,0
DA:222,0
DA:228,0
DA:230,0
DA:234,0
DA:235,0
DA:237,0
DA:239,0
DA:241,0
DA:243,0
DA:246,0
DA:253,0
DA:259,0
DA:276,0
DA:283,0
DA:286,0
DA:289,0
DA:290,0
DA:301,0
DA:302,0
DA:303,0
DA:304,0
DA:315,0
DA:317,0
DA:330,0
DA:331,0
DA:332,0
DA:344,0
DA:345,0
DA:357,0
DA:358,0
DA:359,0
DA:360,0
DA:372,0
DA:379,0
DA:389,0
DA:391,0
DA:399,0
DA:410,0
DA:412,0
DA:413,0
DA:414,0
DA:420,0
LF:111
LH:0
BRDA:23,0,0,0
BRDA:23,0,1,0
BRDA:57,1,0,0
BRDA:59,2,0,0
BRDA:61,3,0,0
BRDA:62,4,0,0
BRDA:70,5,0,0
BRDA:70,5,1,0
BRDA:75,6,0,0
BRDA:75,6,1,0
BRDA:112,7,0,0
BRDA:112,7,1,0
BRDA:114,8,0,0
BRDA:114,8,1,0
BRDA:128,9,0,0
BRDA:128,9,1,0
BRDA:134,10,0,0
BRDA:134,10,1,0
BRDA:185,11,0,0
BRDA:185,11,1,0
BRDA:187,12,0,0
BRDA:187,12,1,0
BRDA:187,13,0,0
BRDA:187,13,1,0
BRDA:194,14,0,0
BRDA:194,14,1,0
BRDA:195,15,0,0
BRDA:195,15,1,0
BRDA:195,15,2,0
BRDA:195,15,3,0
BRDA:221,16,0,0
BRDA:221,16,1,0
BRDA:228,17,0,0
BRDA:228,17,1,0
BRDA:230,18,0,0
BRDA:230,18,1,0
BRDA:239,19,0,0
BRDA:239,19,1,0
BRDA:276,20,0,0
BRDA:276,20,1,0
BRDA:286,21,0,0
BRDA:286,21,1,0
BRDA:289,22,0,0
BRDA:289,22,1,0
BRDA:289,23,0,0
BRDA:289,23,1,0
BRDA:301,24,0,0
BRDA:301,24,1,0
BRDA:303,25,0,0
BRDA:303,25,1,0
BRDA:315,26,0,0
BRDA:315,26,1,0
BRDA:315,27,0,0
BRDA:315,27,1,0
BRDA:330,28,0,0
BRDA:330,28,1,0
BRDA:331,29,0,0
BRDA:331,29,1,0
BRDA:331,30,0,0
BRDA:331,30,1,0
BRDA:344,31,0,0
BRDA:344,31,1,0
BRDA:344,32,0,0
BRDA:344,32,1,0
BRDA:357,33,0,0
BRDA:357,33,1,0
BRDA:357,34,0,0
BRDA:357,34,1,0
BRDA:359,35,0,0
BRDA:359,35,1,0
BRDA:413,36,0,0
BRDA:413,36,1,0
BRDA:424,37,0,0
BRDA:424,37,1,0
BRF:74
BRH:0
end_of_record
TN:
SF:src/tools/project-management.js
FN:9,init_project
FN:48,(anonymous_1)
FN:108,(anonymous_2)
FN:113,list_project_templates
FN:144,get_working_context
FN:191,getTemplatePages
FNF:6
FNH:0
FNDA:0,init_project
FNDA:0,(anonymous_1)
FNDA:0,(anonymous_2)
FNDA:0,list_project_templates
FNDA:0,get_working_context
FNDA:0,getTemplatePages
DA:18,0
DA:20,0
DA:21,0
DA:25,0
DA:26,0
DA:27,0
DA:30,0
DA:31,0
DA:32,0
DA:35,0
DA:48,0
DA:81,0
DA:84,0
DA:86,0
DA:87,0
DA:95,0
DA:101,0
DA:108,0
DA:114,0
DA:145,0
DA:147,0
DA:148,0
DA:152,0
DA:153,0
DA:154,0
DA:159,0
DA:161,0
DA:162,0
DA:164,0
DA:173,0
DA:181,0
DA:192,0
DA:303,0
DA:304,0
DA:336,0
LF:35
LH:0
BRDA:13,0,0,0
BRDA:14,1,0,0
BRDA:16,2,0,0
BRDA:17,3,0,0
BRDA:20,4,0,0
BRDA:20,4,1,0
BRDA:20,5,0,0
BRDA:20,5,1,0
BRDA:25,6,0,0
BRDA:25,6,1,0
BRDA:43,7,0,0
BRDA:43,7,1,0
BRDA:48,8,0,0
BRDA:48,8,1,0
BRDA:113,9,0,0
BRDA:145,10,0,0
BRDA:145,11,0,0
BRDA:147,12,0,0
BRDA:147,12,1,0
BRDA:152,13,0,0
BRDA:152,13,1,0
BRDA:159,14,0,0
BRDA:159,14,1,0
BRDA:159,14,2,0
BRDA:161,15,0,0
BRDA:161,15,1,0
BRDA:303,16,0,0
BRDA:303,16,1,0
BRDA:303,17,0,0
BRDA:303,17,1,0
BRF:30
BRH:0
end_of_record
TN:
SF:src/tools/search-tools.js
FN:10,search_content
FN:56,(anonymous_1)
FN:166,find_by_metadata
FN:205,(anonymous_3)
FN:222,(anonymous_4)
FN:235,(anonymous_5)
FN:246,query_dataview
FNF:7
FNH:0
FNDA:0,search_content
FNDA:0,(anonymous_1)
FNDA:0,find_by_metadata
FNDA:0,(anonymous_3)
FNDA:0,(anonymous_4)
FNDA:0,(anonymous_5)
FNDA:0,query_dataview
DA:20,0
DA:23,0
DA:24,0
DA:25,0
DA:28,0
DA:34,0
DA:35,0
DA:39,0
DA:43,0
DA:44,0
DA:45,0
DA:47,0
DA:51,0
DA:52,0
DA:54,0
DA:56,0
DA:57,0
DA:60,0
DA:61,0
DA:64,0
DA:65,0
DA:67,0
DA:69,0
DA:70,0
DA:72,0
DA:82,0
DA:83,0
DA:91,0
DA:95,0
DA:97,0
DA:98,0
DA:100,0
DA:101,0
DA:103,0
DA:104,0
DA:107,0
DA:108,0
DA:111,0
DA:113,0
DA:114,0
DA:117,0
DA:118,0
DA:121,0
DA:122,0
DA:126,0
DA:127,0
DA:131,0
DA:132,0
DA:133,0
DA:136,0
DA:146,0
DA:147,0
DA:158,0
DA:167,0
DA:170,0
DA:171,0
DA:172,0
DA:175,0
DA:180,0
DA:182,0
DA:183,0
DA:184,0
DA:185,0
DA:186,0
DA:189,0
DA:191,0
DA:192,0
DA:194,0
DA:195,0
DA:196,0
DA:197,0
DA:198,0
DA:199,0
DA:200,0
DA:201,0
DA:203,0
DA:204,0
DA:205,0
DA:207,0
DA:212,0
DA:215,0
DA:218,0
DA:221,0
DA:222,0
DA:223,0
DA:224,0
DA:228,0
DA:229,0
DA:231,0
DA:235,0
DA:239,0
DA:247,0
DA:251,0
LF:93
LH:0
BRDA:13,0,0,0
BRDA:14,1,0,0
BRDA:15,2,0,0
BRDA:16,3,0,0
BRDA:17,4,0,0
BRDA:18,5,0,0
BRDA:19,6,0,0
BRDA:23,7,0,0
BRDA:23,7,1,0
BRDA:30,8,0,0
BRDA:30,8,1,0
BRDA:34,9,0,0
BRDA:34,9,1,0
BRDA:34,10,0,0
BRDA:34,10,1,0
BRDA:39,11,0,0
BRDA:39,11,1,0
BRDA:43,12,0,0
BRDA:43,12,1,0
BRDA:45,13,0,0
BRDA:45,13,1,0
BRDA:52,14,0,0
BRDA:52,14,1,0
BRDA:56,15,0,0
BRDA:56,15,1,0
BRDA:64,16,0,0
BRDA:64,16,1,0
BRDA:64,17,0,0
BRDA:64,17,1,0
BRDA:65,18,0,0
BRDA:65,18,1,0
BRDA:82,19,0,0
BRDA:82,19,1,0
BRDA:100,20,0,0
BRDA:100,20,1,0
BRDA:103,21,0,0
BRDA:103,21,1,0
BRDA:107,22,0,0
BRDA:107,22,1,0
BRDA:108,23,0,0
BRDA:108,23,1,0
BRDA:111,24,0,0
BRDA:111,24,1,0
BRDA:132,25,0,0
BRDA:132,25,1,0
BRDA:146,26,0,0
BRDA:146,26,1,0
BRDA:167,27,0,0
BRDA:170,28,0,0
BRDA:170,28,1,0
BRDA:177,29,0,0
BRDA:177,29,1,0
BRDA:192,30,0,0
BRDA:192,30,1,0
BRDA:192,31,0,0
BRDA:192,31,1,0
BRDA:194,32,0,0
BRDA:194,32,1,0
BRDA:195,33,0,0
BRDA:195,33,1,0
BRDA:196,34,0,0
BRDA:196,34,1,0
BRDA:197,35,0,0
BRDA:197,35,1,0
BRDA:197,36,0,0
BRDA:197,36,1,0
BRDA:197,37,0,0
BRDA:197,37,1,0
BRDA:198,38,0,0
BRDA:198,38,1,0
BRDA:199,39,0,0
BRDA:199,39,1,0
BRDA:200,40,0,0
BRDA:200,40,1,0
BRDA:201,41,0,0
BRDA:201,41,1,0
BRDA:204,42,0,0
BRDA:204,42,1,0
BRDA:215,43,0,0
BRDA:215,43,1,0
BRDA:218,44,0,0
BRDA:218,44,1,0
BRDA:221,45,0,0
BRDA:221,45,1,0
BRDA:221,46,0,0
BRDA:221,46,1,0
BRDA:223,47,0,0
BRDA:223,47,1,0
BRDA:223,48,0,0
BRDA:223,48,1,0
BRDA:224,49,0,0
BRDA:224,49,1,0
BRDA:224,50,0,0
BRDA:224,50,1,0
BRDA:228,51,0,0
BRDA:228,51,1,0
BRDA:228,52,0,0
BRDA:228,52,1,0
BRDA:229,53,0,0
BRDA:229,53,1,0
BRDA:229,54,0,0
BRDA:229,54,1,0
BRDA:247,55,0,0
BRF:103
BRH:0
end_of_record
TN:
SF:src/tools/tag-formatter.js
FN:7,(anonymous_0)
FN:11,(anonymous_1)
FN:22,(anonymous_2)
FN:23,(anonymous_3)
FN:32,(anonymous_4)
FN:54,(anonymous_5)
FN:60,(anonymous_6)
FN:61,(anonymous_7)
FN:70,(anonymous_8)
FN:75,(anonymous_9)
FNF:10
FNH:0
FNDA:0,(anonymous_0)
FNDA:0,(anonymous_1)
FNDA:0,(anonymous_2)
FNDA:0,(anonymous_3)
FNDA:0,(anonymous_4)
FNDA:0,(anonymous_5)
FNDA:0,(anonymous_6)
FNDA:0,(anonymous_7)
FNDA:0,(anonymous_8)
FNDA:0,(anonymous_9)
DA:8,0
DA:11,0
DA:13,0
DA:16,0
DA:19,0
DA:20,0
DA:21,0
DA:22,0
DA:24,0
DA:26,0
DA:27,0
DA:28,0
DA:30,0
DA:32,0
DA:33,0
DA:35,0
DA:36,0
DA:37,0
DA:43,0
DA:46,0
DA:47,0
DA:55,0
DA:56,0
DA:59,0
DA:60,0
DA:62,0
DA:63,0
DA:71,0
DA:72,0
DA:75,0
DA:76,0
DA:77,0
DA:79,0
LF:33
LH:0
BRDA:19,0,0,0
BRDA:19,0,1,0
BRDA:20,1,0,0
BRDA:20,1,1,0
BRDA:22,2,0,0
BRDA:22,2,1,0
BRDA:24,3,0,0
BRDA:24,3,1,0
BRDA:24,4,0,0
BRDA:24,4,1,0
BRDA:27,5,0,0
BRDA:27,5,1,0
BRDA:33,6,0,0
BRDA:33,6,1,0
BRDA:36,7,0,0
BRDA:36,7,1,0
BRDA:37,8,0,0
BRDA:37,8,1,0
BRDA:55,9,0,0
BRDA:55,9,1,0
BRDA:60,10,0,0
BRDA:60,10,1,0
BRDA:63,11,0,0
BRDA:63,11,1,0
BRDA:71,12,0,0
BRDA:71,12,1,0
BRDA:76,13,0,0
BRDA:76,13,1,0
BRDA:77,14,0,0
BRDA:77,14,1,0
BRF:30
BRH:0
end_of_record
TN:
SF:src/tools/tag-intelligence.js
FN:7,(anonymous_0)
FN:18,(anonymous_1)
FN:41,(anonymous_2)
FN:47,(anonymous_3)
FN:66,(anonymous_4)
FN:75,(anonymous_5)
FN:95,(anonymous_6)
FN:128,(anonymous_7)
FN:138,(anonymous_8)
FN:149,(anonymous_9)
FN:157,(anonymous_10)
FN:169,(anonymous_11)
FN:177,(anonymous_12)
FN:186,(anonymous_13)
FN:190,(anonymous_14)
FN:206,(anonymous_15)
FN:218,(anonymous_16)
FN:220,(anonymous_17)
FN:224,(anonymous_18)
FN:231,(anonymous_19)
FN:249,(anonymous_20)
FN:255,(anonymous_21)
FN:284,(anonymous_22)
FN:298,(anonymous_23)
FN:309,(anonymous_24)
FN:340,(anonymous_25)
FN:345,(anonymous_26)
FN:346,(anonymous_27)
FN:369,(anonymous_28)
FN:370,(anonymous_29)
FN:387,(anonymous_30)
FN:399,(anonymous_31)
FN:408,(anonymous_32)
FN:452,(anonymous_33)
FN:467,(anonymous_34)
FN:474,(anonymous_35)
FN:479,(anonymous_36)
FN:483,(anonymous_37)
FN:489,(anonymous_38)
FN:491,(anonymous_39)
FN:497,(anonymous_40)
FN:504,(anonymous_41)
FN:509,(anonymous_42)
FN:527,(anonymous_43)
FNF:44
FNH:0
FNDA:0,(anonymous_0)
FNDA:0,(anonymous_1)
FNDA:0,(anonymous_2)
FNDA:0,(anonymous_3)
FNDA:0,(anonymous_4)
FNDA:0,(anonymous_5)
FNDA:0,(anonymous_6)
FNDA:0,(anonymous_7)
FNDA:0,(anonymous_8)
FNDA:0,(anonymous_9)
FNDA:0,(anonymous_10)
FNDA:0,(anonymous_11)
FNDA:0,(anonymous_12)
FNDA:0,(anonymous_13)
FNDA:0,(anonymous_14)
FNDA:0,(anonymous_15)
FNDA:0,(anonymous_16)
FNDA:0,(anonymous_17)
FNDA:0,(anonymous_18)
FNDA:0,(anonymous_19)
FNDA:0,(anonymous_20)
FNDA:0,(anonymous_21)
FNDA:0,(anonymous_22)
FNDA:0,(anonymous_23)
FNDA:0,(anonymous_24)
FNDA:0,(anonymous_25)
FNDA:0,(anonymous_26)
FNDA:0,(anonymous_27)
FNDA:0,(anonymous_28)
FNDA:0,(anonymous_29)
FNDA:0,(anonymous_30)
FNDA:0,(anonymous_31)
FNDA:0,(anonymous_32)
FNDA:0,(anonymous_33)
FNDA:0,(anonymous_34)
FNDA:0,(anonymous_35)
FNDA:0,(anonymous_36)
FNDA:0,(anonymous_37)
FNDA:0,(anonymous_38)
FNDA:0,(anonymous_39)
FNDA:0,(anonymous_40)
FNDA:0,(anonymous_41)
FNDA:0,(anonymous_42)
FNDA:0,(anonymous_43)
DA:8,0
DA:9,0
DA:10,0
DA:11,0
DA:12,0
DA:19,0
DA:21,0
DA:23,0
DA:24,0
DA:25,0
DA:26,0
DA:31,0
DA:33,0
DA:34,0
DA:42,0
DA:43,0
DA:44,0
DA:47,0
DA:49,0
DA:52,0
DA:61,0
DA:64,0
DA:66,0
DA:76,0
DA:77,0
DA:78,0
DA:79,0
DA:80,0
DA:82,0
DA:83,0
DA:85,0
DA:86,0
DA:91,0
DA:92,0
DA:95,0
DA:96,0
DA:105,0
DA:106,0
DA:107,0
DA:110,0
DA:111,0
DA:112,0
DA:114,0
DA:115,0
DA:120,0
DA:122,0
DA:127,0
DA:128,0
DA:129,0
DA:133,0
DA:135,0
DA:138,0
DA:150,0
DA:153,0
DA:154,0
DA:157,0
DA:158,0
DA:160,0
DA:161,0
DA:167,0
DA:168,0
DA:169,0
DA:171,0
DA:178,0
DA:179,0
DA:180,0
DA:187,0
DA:188,0
DA:190,0
DA:191,0
DA:192,0
DA:193,0
DA:199,0
DA:207,0
DA:208,0
DA:209,0
DA:210,0
DA:219,0
DA:221,0
DA:222,0
DA:224,0
DA:232,0
DA:233,0
DA:235,0
DA:236,0
DA:237,0
DA:238,0
DA:239,0
DA:249,0
DA:257,0
DA:258,0
DA:261,0
DA:264,0
DA:265,0
DA:269,0
DA:270,0
DA:271,0
DA:274,0
DA:275,0
DA:278,0
DA:285,0
DA:286,0
DA:288,0
DA:289,0
DA:290,0
DA:291,0
DA:292,0
DA:300,0
DA:310,0
DA:312,0
DA:313,0
DA:316,0
DA:317,0
DA:320,0
DA:321,0
DA:322,0
DA:323,0
DA:325,0
DA:334,0
DA:341,0
DA:344,0
DA:345,0
DA:346,0
DA:348,0
DA:349,0
DA:358,0
DA:359,0
DA:368,0
DA:369,0
DA:370,0
DA:372,0
DA:373,0
DA:381,0
DA:389,0
DA:390,0
DA:391,0
DA:395,0
DA:398,0
DA:399,0
DA:402,0
DA:405,0
DA:408,0
DA:409,0
DA:418,0
DA:419,0
DA:420,0
DA:422,0
DA:425,0
DA:428,0
DA:429,0
DA:430,0
DA:431,0
DA:432,0
DA:433,0
DA:444,0
DA:445,0
DA:446,0
DA:448,0
DA:449,0
DA:450,0
DA:452,0
DA:453,0
DA:454,0
DA:466,0
DA:467,0
DA:476,0
DA:479,0
DA:482,0
DA:483,0
DA:484,0
DA:488,0
DA:489,0
DA:491,0
DA:498,0
DA:499,0
DA:501,0
DA:504,0
DA:505,0
DA:506,0
DA:509,0
DA:510,0
DA:511,0
DA:517,0
DA:518,0
DA:521,0
DA:528,0
DA:529,0
DA:531,0
DA:532,0
DA:533,0
DA:537,0
DA:538,0
DA:539,0
DA:540,0
DA:543,0
LF:195
LH:0
BRDA:23,0,0,0
BRDA:23,0,1,0
BRDA:23,1,0,0
BRDA:23,1,1,0
BRDA:25,2,0,0
BRDA:25,2,1,0
BRDA:25,3,0,0
BRDA:25,3,1,0
BRDA:49,4,0,0
BRDA:49,4,1,0
BRDA:83,5,0,0
BRDA:83,5,1,0
BRDA:96,6,0,0
BRDA:96,6,1,0
BRDA:110,7,0,0
BRDA:110,7,1,0
BRDA:111,8,0,0
BRDA:111,8,1,0
BRDA:111,9,0,0
BRDA:111,9,1,0
BRDA:114,10,0,0
BRDA:114,10,1,0
BRDA:114,11,0,0
BRDA:114,11,1,0
BRDA:153,12,0,0
BRDA:153,12,1,0
BRDA:154,13,0,0
BRDA:154,13,1,0
BRDA:158,14,0,0
BRDA:158,14,1,0
BRDA:160,15,0,0
BRDA:160,15,1,0
BRDA:168,16,0,0
BRDA:168,16,1,0
BRDA:179,17,0,0
BRDA:179,17,1,0
BRDA:192,18,0,0
BRDA:192,18,1,0
BRDA:210,19,0,0
BRDA:210,19,1,0
BRDA:233,20,0,0
BRDA:233,20,1,0
BRDA:238,21,0,0
BRDA:238,21,1,0
BRDA:261,22,0,0
BRDA:261,22,1,0
BRDA:264,23,0,0
BRDA:264,23,1,0
BRDA:264,24,0,0
BRDA:264,24,1,0
BRDA:274,25,0,0
BRDA:274,25,1,0
BRDA:288,26,0,0
BRDA:288,26,1,0
BRDA:289,27,0,0
BRDA:289,27,1,0
BRDA:290,28,0,0
BRDA:290,28,1,0
BRDA:290,29,0,0
BRDA:290,29,1,0
BRDA:291,30,0,0
BRDA:291,30,1,0
BRDA:300,31,0,0
BRDA:300,31,1,0
BRDA:300,31,2,0
BRDA:300,31,3,0
BRDA:322,32,0,0
BRDA:322,32,1,0
BRDA:340,33,0,0
BRDA:348,34,0,0
BRDA:348,34,1,0
BRDA:358,35,0,0
BRDA:358,35,1,0
BRDA:372,36,0,0
BRDA:372,36,1,0
BRDA:387,37,0,0
BRDA:389,38,0,0
BRDA:389,38,1,0
BRDA:420,39,0,0
BRDA:420,39,1,0
BRDA:425,40,0,0
BRDA:425,40,1,0
BRDA:428,41,0,0
BRDA:428,41,1,0
BRDA:432,42,0,0
BRDA:432,42,1,0
BRDA:448,43,0,0
BRDA:448,43,1,0
BRDA:450,44,0,0
BRDA:450,44,1,0
BRDA:453,45,0,0
BRDA:453,45,1,0
BRDA:484,46,0,0
BRDA:484,46,1,0
BRDA:505,47,0,0
BRDA:505,47,1,0
BRDA:510,48,0,0
BRDA:510,48,1,0
BRDA:510,49,0,0
BRDA:510,49,1,0
BRDA:517,50,0,0
BRDA:517,50,1,0
BRDA:532,51,0,0
BRDA:532,51,1,0
BRDA:537,52,0,0
BRDA:537,52,1,0
BRDA:539,53,0,0
BRDA:539,53,1,0
BRF:108
BRH:0
end_of_record
TN:
SF:src/tools/tag-management.js
FN:10,get_tags
FN:52,(anonymous_1)
FN:62,(anonymous_2)
FN:77,(anonymous_3)
FN:81,(anonymous_4)
FN:100,(anonymous_5)
FN:106,(anonymous_6)
FN:122,update_tags
FN:126,(anonymous_8)
FN:152,(anonymous_9)
FN:170,(anonymous_10)
FN:173,(anonymous_11)
FN:202,analyze_tags
FN:208,(anonymous_13)
FN:209,(anonymous_14)
FN:217,(anonymous_15)
FN:218,(anonymous_16)
FN:224,(anonymous_17)
FN:263,(anonymous_18)
FN:272,suggest_tags
FN:283,(anonymous_20)
FN:287,(anonymous_21)
FN:290,(anonymous_22)
FN:311,(anonymous_23)
FN:324,(anonymous_24)
FN:332,rename_tag
FN:367,(anonymous_26)
FN:369,(anonymous_27)
FN:419,levenshteinDistance
FNF:29
FNH:29
FNDA:32,get_tags
FNDA:240,(anonymous_1)
FNDA:152,(anonymous_2)
FNDA:318,(anonymous_3)
FNDA:410,(anonymous_4)
FNDA:318,(anonymous_5)
FNDA:318,(anonymous_6)
FNDA:12,update_tags
FNDA:26,(anonymous_8)
FNDA:40,(anonymous_9)
FNDA:14,(anonymous_10)
FNDA:16,(anonymous_11)
FNDA:12,analyze_tags
FNDA:164,(anonymous_13)
FNDA:34,(anonymous_14)
FNDA:402,(anonymous_15)
FNDA:164,(anonymous_16)
FNDA:152,(anonymous_17)
FNDA:128,(anonymous_18)
FNDA:10,suggest_tags
FNDA:118,(anonymous_20)
FNDA:192,(anonymous_21)
FNDA:192,(anonymous_22)
FNDA:20,(anonymous_23)
FNDA:18,(anonymous_24)
FNDA:14,rename_tag
FNDA:184,(anonymous_26)
FNDA:178,(anonymous_27)
FNDA:370,levenshteinDistance
DA:11,32
DA:14,32
DA:15,32
DA:16,32
DA:19,32
DA:20,32
DA:21,8
DA:23,24
DA:29,32
DA:30,32
DA:32,32
DA:33,112
DA:36,112
DA:37,8
DA:38,8
DA:40,2
DA:44,110
DA:45,110
DA:47,110
DA:50,110
DA:51,88
DA:52,88
DA:53,240
DA:54,240
DA:55,240
DA:60,110
DA:61,110
DA:62,110
DA:63,152
DA:64,152
DA:65,152
DA:68,110
DA:69,88
DA:74,30
DA:75,30
DA:77,30
DA:78,318
DA:79,318
DA:81,318
DA:82,410
DA:83,330
DA:90,410
DA:91,318
DA:94,410
DA:99,30
DA:100,30
DA:101,318
DA:104,30
DA:106,318
DA:111,30
DA:113,6
DA:119,24
DA:123,12
DA:126,12
DA:127,26
DA:128,26
DA:129,2
DA:134,12
DA:137,10
DA:138,10
DA:139,10
DA:141,10
DA:142,10
DA:143,10
DA:146,10
DA:147,10
DA:148,8
DA:152,10
DA:153,40
DA:158,10
DA:159,10
DA:160,10
DA:164,10
DA:165,2
DA:167,8
DA:170,14
DA:173,8
DA:174,16
DA:175,14
DA:181,10
DA:182,10
DA:184,0
DA:187,10
DA:190,10
DA:191,10
DA:193,10
DA:204,12
DA:205,12
DA:208,164
DA:209,12
DA:210,34
DA:211,34
DA:214,12
DA:217,402
DA:218,164
DA:224,152
DA:229,12
DA:230,0
DA:237,12
DA:238,12
DA:239,164
DA:240,1152
DA:241,1152
DA:244,1152
DA:245,370
DA:246,370
DA:247,8
DA:253,12
DA:254,4
DA:259,4
DA:263,128
DA:265,12
DA:273,10
DA:276,10
DA:279,10
DA:280,10
DA:283,10
DA:284,118
DA:286,116
DA:287,192
DA:290,116
DA:291,192
DA:292,192
DA:295,116
DA:296,10
DA:306,10
DA:308,4
DA:309,4
DA:311,4
DA:312,20
DA:313,10
DA:324,18
DA:326,10
DA:333,14
DA:336,14
DA:337,14
DA:340,14
DA:341,2
DA:345,12
DA:346,12
DA:347,12
DA:350,12
DA:355,12
DA:357,12
DA:358,52
DA:359,52
DA:360,52
DA:362,52
DA:365,52
DA:366,52
DA:367,184
DA:369,178
DA:370,12
DA:371,8
DA:373,12
DA:378,52
DA:379,52
DA:380,52
DA:381,52
DA:383,52
DA:384,6
DA:385,6
DA:387,6
DA:391,52
DA:392,16
DA:398,16
DA:399,12
DA:400,12
DA:401,12
DA:406,12
DA:420,370
DA:422,370
DA:423,3618
DA:426,370
DA:427,3620
DA:430,370
DA:431,3248
DA:432,30614
DA:433,1914
DA:435,28700
DA:444,370
LF:181
LH:179
BRDA:10,0,0,22
BRDA:14,1,0,32
BRDA:14,1,1,0
BRDA:20,2,0,8
BRDA:20,2,1,24
BRDA:25,3,0,24
BRDA:25,3,1,0
BRDA:36,4,0,8
BRDA:36,4,1,104
BRDA:50,5,0,88
BRDA:50,5,1,22
BRDA:51,6,0,88
BRDA:51,6,1,0
BRDA:55,7,0,240
BRDA:55,7,1,210
BRDA:61,8,0,110
BRDA:61,8,1,34
BRDA:65,9,0,152
BRDA:65,9,1,108
BRDA:68,10,0,88
BRDA:68,10,1,22
BRDA:82,11,0,330
BRDA:82,11,1,80
BRDA:90,12,0,318
BRDA:90,12,1,92
BRDA:111,13,0,6
BRDA:111,13,1,24
BRDA:114,14,0,6
BRDA:114,14,1,2
BRDA:123,15,0,4
BRDA:123,16,0,10
BRDA:128,17,0,2
BRDA:128,17,1,24
BRDA:134,18,0,12
BRDA:134,18,1,10
BRDA:137,19,0,10
BRDA:137,19,1,0
BRDA:147,20,0,8
BRDA:147,20,1,2
BRDA:148,21,0,8
BRDA:148,21,1,0
BRDA:164,22,0,2
BRDA:164,22,1,8
BRDA:165,23,0,2
BRDA:165,23,1,0
BRDA:174,24,0,14
BRDA:174,24,1,2
BRDA:181,25,0,10
BRDA:181,25,1,0
BRDA:202,26,0,0
BRDA:205,27,0,12
BRDA:205,27,1,0
BRDA:229,28,0,0
BRDA:229,28,1,12
BRDA:244,29,0,370
BRDA:244,29,1,782
BRDA:246,30,0,8
BRDA:246,30,1,362
BRDA:253,31,0,4
BRDA:253,31,1,8
BRDA:273,32,0,8
BRDA:284,33,0,2
BRDA:284,33,1,116
BRDA:295,34,0,10
BRDA:295,34,1,106
BRDA:306,35,0,4
BRDA:306,35,1,6
BRDA:306,36,0,10
BRDA:306,36,1,6
BRDA:308,37,0,4
BRDA:308,37,1,0
BRDA:312,38,0,10
BRDA:312,38,1,10
BRDA:312,39,0,20
BRDA:312,39,1,10
BRDA:333,40,0,12
BRDA:333,41,0,14
BRDA:333,42,0,14
BRDA:333,43,0,12
BRDA:340,44,0,2
BRDA:340,44,1,12
BRDA:345,45,0,12
BRDA:345,45,1,0
BRDA:352,46,0,12
BRDA:352,46,1,0
BRDA:365,47,0,52
BRDA:365,47,1,0
BRDA:365,48,0,52
BRDA:365,48,1,52
BRDA:366,49,0,52
BRDA:366,49,1,0
BRDA:367,50,0,12
BRDA:367,50,1,172
BRDA:369,51,0,12
BRDA:369,51,1,40
BRDA:370,52,0,8
BRDA:370,52,1,4
BRDA:379,53,0,52
BRDA:379,53,1,0
BRDA:383,54,0,6
BRDA:383,54,1,46
BRDA:384,55,0,6
BRDA:384,55,1,0
BRDA:391,56,0,16
BRDA:391,56,1,36
BRDA:394,57,0,16
BRDA:394,57,1,0
BRDA:394,58,0,16
BRDA:394,58,1,16
BRDA:395,59,0,16
BRDA:395,59,1,0
BRDA:395,60,0,16
BRDA:395,60,1,10
BRDA:398,61,0,12
BRDA:398,61,1,4
BRDA:414,62,0,12
BRDA:414,62,1,2
BRDA:432,63,0,1914
BRDA:432,63,1,28700
BRF:119
BRH:100
end_of_record
TN:
SF:src/tools/tag-renamer.js
FN:13,(anonymous_0)
FN:26,(anonymous_1)
FN:69,(anonymous_2)
FN:98,(anonymous_3)
FN:104,(anonymous_4)
FN:146,(anonymous_5)
FN:163,(anonymous_6)
FN:221,(anonymous_7)
FN:253,(anonymous_8)
FN:274,(anonymous_9)
FN:287,(anonymous_10)
FN:310,(anonymous_11)
FNF:12
FNH:0
FNDA:0,(anonymous_0)
FNDA:0,(anonymous_1)
FNDA:0,(anonymous_2)
FNDA:0,(anonymous_3)
FNDA:0,(anonymous_4)
FNDA:0,(anonymous_5)
FNDA:0,(anonymous_6)
FNDA:0,(anonymous_7)
FNDA:0,(anonymous_8)
FNDA:0,(anonymous_9)
FNDA:0,(anonymous_10)
FNDA:0,(anonymous_11)
DA:14,0
DA:15,0
DA:16,0
DA:31,0
DA:34,0
DA:35,0
DA:38,0
DA:39,0
DA:42,0
DA:43,0
DA:47,0
DA:54,0
DA:55,0
DA:56,0
DA:58,0
DA:63,0
DA:70,0
DA:71,0
DA:78,0
DA:79,0
DA:88,0
DA:91,0
DA:99,0
DA:102,0
DA:103,0
DA:104,0
DA:107,0
DA:117,0
DA:118,0
DA:119,0
DA:125,0
DA:126,0
DA:127,0
DA:136,0
DA:147,0
DA:149,0
DA:150,0
DA:152,0
DA:153,0
DA:154,0
DA:155,0
DA:158,0
DA:159,0
DA:160,0
DA:161,0
DA:163,0
DA:165,0
DA:166,0
DA:167,0
DA:168,0
DA:169,0
DA:171,0
DA:175,0
DA:176,0
DA:178,0
DA:179,0
DA:180,0
DA:181,0
DA:182,0
DA:188,0
DA:191,0
DA:192,0
DA:193,0
DA:195,0
DA:197,0
DA:205,0
DA:206,0
DA:207,0
DA:208,0
DA:211,0
DA:222,0
DA:227,0
DA:228,0
DA:229,0
DA:230,0
DA:237,0
DA:238,0
DA:247,0
DA:254,0
DA:257,0
DA:258,0
DA:259,0
DA:263,0
DA:264,0
DA:267,0
DA:272,0
DA:273,0
DA:274,0
DA:277,0
DA:279,0
DA:280,0
DA:281,0
DA:284,0
DA:285,0
DA:286,0
DA:287,0
DA:288,0
DA:289,0
DA:294,0
DA:295,0
DA:296,0
DA:299,0
DA:300,0
DA:304,0
DA:311,0
LF:105
LH:0
BRDA:13,0,0,0
BRDA:26,1,0,0
BRDA:28,2,0,0
BRDA:29,3,0,0
BRDA:30,4,0,0
BRDA:34,5,0,0
BRDA:34,5,1,0
BRDA:35,6,0,0
BRDA:35,6,1,0
BRDA:38,7,0,0
BRDA:38,7,1,0
BRDA:38,8,0,0
BRDA:38,8,1,0
BRDA:42,9,0,0
BRDA:42,9,1,0
BRDA:54,10,0,0
BRDA:54,10,1,0
BRDA:54,11,0,0
BRDA:54,11,1,0
BRDA:54,11,2,0
BRDA:78,12,0,0
BRDA:78,12,1,0
BRDA:83,13,0,0
BRDA:83,13,1,0
BRDA:88,14,0,0
BRDA:88,14,1,0
BRDA:125,15,0,0
BRDA:125,15,1,0
BRDA:158,16,0,0
BRDA:158,16,1,0
BRDA:158,17,0,0
BRDA:158,17,1,0
BRDA:159,18,0,0
BRDA:159,18,1,0
BRDA:165,19,0,0
BRDA:165,19,1,0
BRDA:166,20,0,0
BRDA:166,20,1,0
BRDA:175,21,0,0
BRDA:175,21,1,0
BRDA:178,22,0,0
BRDA:178,22,1,0
BRDA:179,23,0,0
BRDA:179,23,1,0
BRDA:180,24,0,0
BRDA:180,24,1,0
BRDA:188,25,0,0
BRDA:188,25,1,0
BRDA:193,26,0,0
BRDA:193,26,1,0
BRDA:195,27,0,0
BRDA:195,27,1,0
BRDA:205,28,0,0
BRDA:205,28,1,0
BRDA:206,29,0,0
BRDA:206,29,1,0
BRDA:206,30,0,0
BRDA:206,30,1,0
BRDA:221,31,0,0
BRDA:254,32,0,0
BRDA:254,32,1,0
BRDA:257,33,0,0
BRDA:257,33,1,0
BRDA:257,34,0,0
BRDA:257,34,1,0
BRDA:263,35,0,0
BRDA:263,35,1,0
BRDA:264,36,0,0
BRDA:264,36,1,0
BRDA:285,37,0,0
BRDA:285,37,1,0
BRDA:286,38,0,0
BRDA:286,38,1,0
BRDA:287,39,0,0
BRDA:287,39,1,0
BRDA:288,40,0,0
BRDA:288,40,1,0
BRDA:289,41,0,0
BRDA:289,41,1,0
BRDA:294,42,0,0
BRDA:294,42,1,0
BRDA:299,43,0,0
BRDA:299,43,1,0
BRF:83
BRH:0
end_of_record
TN:
SF:src/tools/tag-taxonomy-reader.js
FN:6,(anonymous_0)
FN:18,(anonymous_1)
FN:61,(anonymous_2)
FN:133,(anonymous_3)
FN:138,(anonymous_4)
FN:143,(anonymous_5)
FN:156,(anonymous_6)
FN:159,(anonymous_7)
FN:160,(anonymous_8)
FN:161,(anonymous_9)
FN:167,(anonymous_10)
FN:176,(anonymous_11)
FN:198,(anonymous_12)
FN:256,(anonymous_13)
FN:272,(anonymous_14)
FN:283,(anonymous_15)
FN:291,(anonymous_16)
FN:305,(anonymous_17)
FN:308,(anonymous_18)
FN:310,(anonymous_19)
FN:312,(anonymous_20)
FN:321,(anonymous_21)
FN:330,(anonymous_22)
FN:339,(anonymous_23)
FN:341,(anonymous_24)
FN:347,(anonymous_25)
FN:355,(anonymous_26)
FN:358,(anonymous_27)
FN:369,(anonymous_28)
FN:386,(anonymous_29)
FN:395,(anonymous_30)
FN:401,(anonymous_31)
FN:427,(anonymous_32)
FNF:33
FNH:0
FNDA:0,(anonymous_0)
FNDA:0,(anonymous_1)
FNDA:0,(anonymous_2)
FNDA:0,(anonymous_3)
FNDA:0,(anonymous_4)
FNDA:0,(anonymous_5)
FNDA:0,(anonymous_6)
FNDA:0,(anonymous_7)
FNDA:0,(anonymous_8)
FNDA:0,(anonymous_9)
FNDA:0,(anonymous_10)
FNDA:0,(anonymous_11)
FNDA:0,(anonymous_12)
FNDA:0,(anonymous_13)
FNDA:0,(anonymous_14)
FNDA:0,(anonymous_15)
FNDA:0,(anonymous_16)
FNDA:0,(anonymous_17)
FNDA:0,(anonymous_18)
FNDA:0,(anonymous_19)
FNDA:0,(anonymous_20)
FNDA:0,(anonymous_21)
FNDA:0,(anonymous_22)
FNDA:0,(anonymous_23)
FNDA:0,(anonymous_24)
FNDA:0,(anonymous_25)
FNDA:0,(anonymous_26)
FNDA:0,(anonymous_27)
FNDA:0,(anonymous_28)
FNDA:0,(anonymous_29)
FNDA:0,(anonymous_30)
FNDA:0,(anonymous_31)
FNDA:0,(anonymous_32)
DA:7,0
DA:8,0
DA:9,0
DA:10,0
DA:11,0
DA:12,0
DA:19,0
DA:21,0
DA:28,0
DA:29,0
DA:31,0
DA:35,0
DA:36,0
DA:37,0
DA:38,0
DA:39,0
DA:42,0
DA:47,0
DA:48,0
DA:49,0
DA:51,0
DA:52,0
DA:53,0
DA:54,0
DA:62,0
DA:63,0
DA:64,0
DA:66,0
DA:67,0
DA:70,0
DA:73,0
DA:74,0
DA:75,0
DA:79,0
DA:80,0
DA:81,0
DA:82,0
DA:83,0
DA:84,0
DA:93,0
DA:94,0
DA:95,0
DA:96,0
DA:97,0
DA:105,0
DA:106,0
DA:107,0
DA:108,0
DA:109,0
DA:117,0
DA:118,0
DA:119,0
DA:120,0
DA:121,0
DA:127,0
DA:135,0
DA:136,0
DA:138,0
DA:140,0
DA:141,0
DA:143,0
DA:146,0
DA:157,0
DA:159,0
DA:160,0
DA:161,0
DA:169,0
DA:170,0
DA:171,0
DA:173,0
DA:174,0
DA:175,0
DA:176,0
DA:177,0
DA:178,0
DA:179,0
DA:180,0
DA:187,0
DA:188,0
DA:189,0
DA:190,0
DA:200,0
DA:233,0
DA:258,0
DA:259,0
DA:262,0
DA:263,0
DA:266,0
DA:267,0
DA:270,0
DA:271,0
DA:272,0
DA:277,0
DA:278,0
DA:280,0
DA:282,0
DA:283,0
DA:289,0
DA:290,0
DA:291,0
DA:292,0
DA:293,0
DA:299,0
DA:306,0
DA:308,0
DA:310,0
DA:312,0
DA:314,0
DA:322,0
DA:325,0
DA:328,0
DA:329,0
DA:330,0
DA:333,0
DA:340,0
DA:342,0
DA:343,0
DA:347,0
DA:357,0
DA:358,0
DA:359,0
DA:363,0
DA:370,0
DA:371,0
DA:372,0
DA:375,0
DA:376,0
DA:380,0
DA:381,0
DA:382,0
DA:383,0
DA:386,0
DA:387,0
DA:390,0
DA:391,0
DA:394,0
DA:395,0
DA:396,0
DA:397,0
DA:400,0
DA:401,0
DA:404,0
DA:409,0
DA:410,0
DA:411,0
DA:412,0
DA:413,0
DA:417,0
DA:428,0
DA:431,0
DA:432,0
DA:435,0
DA:436,0
DA:439,0
DA:440,0
DA:443,0
DA:444,0
DA:447,0
LF:158
LH:0
BRDA:29,0,0,0
BRDA:29,0,1,0
BRDA:31,1,0,0
BRDA:31,1,1,0
BRDA:70,2,0,0
BRDA:70,2,1,0
BRDA:73,3,0,0
BRDA:73,3,1,0
BRDA:79,4,0,0
BRDA:79,4,1,0
BRDA:79,5,0,0
BRDA:79,5,1,0
BRDA:81,6,0,0
BRDA:81,6,1,0
BRDA:85,7,0,0
BRDA:85,7,1,0
BRDA:93,8,0,0
BRDA:93,8,1,0
BRDA:93,9,0,0
BRDA:93,9,1,0
BRDA:95,10,0,0
BRDA:95,10,1,0
BRDA:99,11,0,0
BRDA:99,11,1,0
BRDA:105,12,0,0
BRDA:105,12,1,0
BRDA:105,13,0,0
BRDA:105,13,1,0
BRDA:107,14,0,0
BRDA:107,14,1,0
BRDA:117,15,0,0
BRDA:117,15,1,0
BRDA:117,16,0,0
BRDA:117,16,1,0
BRDA:119,17,0,0
BRDA:119,17,1,0
BRDA:135,18,0,0
BRDA:135,18,1,0
BRDA:140,19,0,0
BRDA:140,19,1,0
BRDA:175,20,0,0
BRDA:175,20,1,0
BRDA:175,21,0,0
BRDA:175,21,1,0
BRDA:180,22,0,0
BRDA:180,22,1,0
BRDA:188,23,0,0
BRDA:188,23,1,0
BRDA:256,24,0,0
BRDA:258,25,0,0
BRDA:258,25,1,0
BRDA:262,26,0,0
BRDA:262,26,1,0
BRDA:271,27,0,0
BRDA:271,27,1,0
BRDA:277,28,0,0
BRDA:277,28,1,0
BRDA:280,29,0,0
BRDA:280,29,1,0
BRDA:290,30,0,0
BRDA:290,30,1,0
BRDA:292,31,0,0
BRDA:292,31,1,0
BRDA:306,32,0,0
BRDA:306,32,1,0
BRDA:306,32,2,0
BRDA:306,32,3,0
BRDA:325,33,0,0
BRDA:325,33,1,0
BRDA:328,34,0,0
BRDA:328,34,1,0
BRDA:330,35,0,0
BRDA:330,35,1,0
BRDA:363,36,0,0
BRDA:363,36,1,0
BRDA:369,37,0,0
BRDA:375,38,0,0
BRDA:375,38,1,0
BRDA:382,39,0,0
BRDA:382,39,1,0
BRDA:390,40,0,0
BRDA:390,40,1,0
BRDA:390,41,0,0
BRDA:390,41,1,0
BRDA:397,42,0,0
BRDA:397,42,1,0
BRDA:400,43,0,0
BRDA:400,43,1,0
BRDA:409,44,0,0
BRDA:409,44,1,0
BRDA:409,45,0,0
BRDA:409,45,1,0
BRDA:411,46,0,0
BRDA:411,46,1,0
BRDA:431,47,0,0
BRDA:431,47,1,0
BRDA:435,48,0,0
BRDA:435,48,1,0
BRDA:439,49,0,0
BRDA:439,49,1,0
BRDA:443,50,0,0
BRDA:443,50,1,0
BRDA:443,51,0,0
BRDA:443,51,1,0
BRF:104
BRH:0
end_of_record
TN:
SF:src/tools/tag-validator.js
FN:5,(anonymous_0)
FN:14,(anonymous_1)
FN:35,(anonymous_2)
FN:86,(anonymous_3)
FN:91,(anonymous_4)
FN:102,(anonymous_5)
FN:110,(anonymous_6)
FN:125,(anonymous_7)
FN:136,(anonymous_8)
FN:139,(anonymous_9)
FN:194,(anonymous_10)
FN:231,(anonymous_11)
FN:256,(anonymous_12)
FN:274,(anonymous_13)
FN:280,(anonymous_14)
FN:296,(anonymous_15)
FN:305,(anonymous_16)
FN:318,(anonymous_17)
FN:352,(anonymous_18)
FNF:19
FNH:0
FNDA:0,(anonymous_0)
FNDA:0,(anonymous_1)
FNDA:0,(anonymous_2)
FNDA:0,(anonymous_3)
FNDA:0,(anonymous_4)
FNDA:0,(anonymous_5)
FNDA:0,(anonymous_6)
FNDA:0,(anonymous_7)
FNDA:0,(anonymous_8)
FNDA:0,(anonymous_9)
FNDA:0,(anonymous_10)
FNDA:0,(anonymous_11)
FNDA:0,(anonymous_12)
FNDA:0,(anonymous_13)
FNDA:0,(anonymous_14)
FNDA:0,(anonymous_15)
FNDA:0,(anonymous_16)
FNDA:0,(anonymous_17)
FNDA:0,(anonymous_18)
DA:6,0
DA:7,0
DA:8,0
DA:16,0
DA:17,0
DA:18,0
DA:22,0
DA:23,0
DA:26,0
DA:27,0
DA:29,0
DA:30,0
DA:34,0
DA:35,0
DA:37,0
DA:38,0
DA:39,0
DA:40,0
DA:42,0
DA:44,0
DA:45,0
DA:48,0
DA:50,0
DA:51,0
DA:52,0
DA:53,0
DA:57,0
DA:61,0
DA:62,0
DA:70,0
DA:71,0
DA:76,0
DA:77,0
DA:86,0
DA:87,0
DA:90,0
DA:91,0
DA:103,0
DA:106,0
DA:107,0
DA:108,0
DA:109,0
DA:110,0
DA:111,0
DA:113,0
DA:114,0
DA:123,0
DA:124,0
DA:125,0
DA:127,0
DA:130,0
DA:138,0
DA:139,0
DA:142,0
DA:143,0
DA:151,0
DA:154,0
DA:156,0
DA:157,0
DA:159,0
DA:160,0
DA:180,0
DA:181,0
DA:182,0
DA:184,0
DA:194,0
DA:203,0
DA:204,0
DA:205,0
DA:220,0
DA:221,0
DA:231,0
DA:240,0
DA:257,0
DA:258,0
DA:259,0
DA:261,0
DA:262,0
DA:263,0
DA:265,0
DA:266,0
DA:274,0
DA:281,0
DA:284,0
DA:285,0
DA:289,0
DA:290,0
DA:294,0
DA:295,0
DA:296,0
DA:297,0
DA:299,0
DA:306,0
DA:307,0
DA:309,0
DA:310,0
DA:312,0
DA:319,0
DA:320,0
DA:323,0
DA:324,0
DA:331,0
DA:332,0
DA:339,0
DA:340,0
DA:346,0
DA:353,0
DA:356,0
DA:364,0
DA:365,0
DA:366,0
DA:370,0
LF:112
LH:0
BRDA:14,0,0,0
BRDA:16,1,0,0
BRDA:16,1,1,0
BRDA:29,2,0,0
BRDA:29,2,1,0
BRDA:44,3,0,0
BRDA:44,3,1,0
BRDA:44,4,0,0
BRDA:44,4,1,0
BRDA:50,5,0,0
BRDA:50,5,1,0
BRDA:52,6,0,0
BRDA:52,6,1,0
BRDA:57,7,0,0
BRDA:57,7,1,0
BRDA:61,8,0,0
BRDA:61,8,1,0
BRDA:70,9,0,0
BRDA:70,9,1,0
BRDA:70,10,0,0
BRDA:70,10,1,0
BRDA:76,11,0,0
BRDA:76,11,1,0
BRDA:87,12,0,0
BRDA:87,12,1,0
BRDA:108,13,0,0
BRDA:108,13,1,0
BRDA:109,14,0,0
BRDA:109,14,1,0
BRDA:111,15,0,0
BRDA:111,15,1,0
BRDA:113,16,0,0
BRDA:113,16,1,0
BRDA:124,17,0,0
BRDA:124,17,1,0
BRDA:138,18,0,0
BRDA:138,18,1,0
BRDA:139,19,0,0
BRDA:139,19,1,0
BRDA:142,20,0,0
BRDA:142,20,1,0
BRDA:156,21,0,0
BRDA:156,21,1,0
BRDA:159,22,0,0
BRDA:159,22,1,0
BRDA:180,23,0,0
BRDA:180,23,1,0
BRDA:187,24,0,0
BRDA:187,24,1,0
BRDA:204,25,0,0
BRDA:204,25,1,0
BRDA:220,26,0,0
BRDA:220,26,1,0
BRDA:259,27,0,0
BRDA:259,27,1,0
BRDA:265,28,0,0
BRDA:265,28,1,0
BRDA:265,29,0,0
BRDA:265,29,1,0
BRDA:281,30,0,0
BRDA:281,30,1,0
BRDA:284,31,0,0
BRDA:284,31,1,0
BRDA:284,32,0,0
BRDA:284,32,1,0
BRDA:289,33,0,0
BRDA:289,33,1,0
BRDA:289,34,0,0
BRDA:289,34,1,0
BRDA:306,35,0,0
BRDA:306,35,1,0
BRDA:306,36,0,0
BRDA:306,36,1,0
BRDA:309,37,0,0
BRDA:309,37,1,0
BRDA:309,38,0,0
BRDA:309,38,1,0
BRDA:323,39,0,0
BRDA:323,39,1,0
BRDA:331,40,0,0
BRDA:331,40,1,0
BRDA:339,41,0,0
BRDA:339,41,1,0
BRDA:365,42,0,0
BRDA:365,42,1,0
BRDA:365,43,0,0
BRDA:365,43,1,0
BRF:87
BRH:0
end_of_record
TN:
SF:src/tools/vault-operations.js
FN:10,vault_scan
FN:45,(anonymous_1)
FN:58,(anonymous_2)
FN:78,(anonymous_3)
FN:103,get_frontmatter
FN:121,update_frontmatter
FN:151,read_notes
FN:163,(anonymous_7)
FNF:8
FNH:0
FNDA:0,vault_scan
FNDA:0,(anonymous_1)
FNDA:0,(anonymous_2)
FNDA:0,(anonymous_3)
FNDA:0,get_frontmatter
FNDA:0,update_frontmatter
FNDA:0,read_notes
FNDA:0,(anonymous_7)
DA:19,0
DA:22,0
DA:23,0
DA:24,0
DA:27,0
DA:28,0
DA:29,0
DA:30,0
DA:34,0
DA:36,0
DA:41,0
DA:44,0
DA:46,0
DA:47,0
DA:49,0
DA:55,0
DA:56,0
DA:57,0
DA:58,0
DA:61,0
DA:62,0
DA:63,0
DA:64,0
DA:67,0
DA:68,0
DA:69,0
DA:70,0
DA:73,0
DA:78,0
DA:79,0
DA:81,0
DA:83,0
DA:85,0
DA:87,0
DA:92,0
DA:94,0
DA:104,0
DA:107,0
DA:108,0
DA:109,0
DA:111,0
DA:112,0
DA:113,0
DA:115,0
DA:122,0
DA:125,0
DA:126,0
DA:127,0
DA:129,0
DA:130,0
DA:131,0
DA:134,0
DA:135,0
DA:137,0
DA:141,0
DA:142,0
DA:144,0
DA:152,0
DA:154,0
DA:155,0
DA:159,0
DA:160,0
DA:161,0
DA:163,0
DA:164,0
DA:166,0
DA:167,0
DA:168,0
DA:170,0
DA:171,0
DA:174,0
DA:175,0
DA:176,0
DA:180,0
DA:181,0
DA:182,0
DA:185,0
DA:194,0
DA:195,0
DA:197,0
DA:201,0
LF:81
LH:0
BRDA:12,0,0,0
BRDA:13,1,0,0
BRDA:14,2,0,0
BRDA:15,3,0,0
BRDA:16,4,0,0
BRDA:17,5,0,0
BRDA:18,6,0,0
BRDA:22,7,0,0
BRDA:22,7,1,0
BRDA:32,8,0,0
BRDA:32,8,1,0
BRDA:55,9,0,0
BRDA:55,9,1,0
BRDA:61,10,0,0
BRDA:61,10,1,0
BRDA:67,11,0,0
BRDA:67,11,1,0
BRDA:79,12,0,0
BRDA:79,12,1,0
BRDA:79,12,2,0
BRDA:79,12,3,0
BRDA:85,13,0,0
BRDA:85,13,1,0
BRDA:85,14,0,0
BRDA:85,14,1,0
BRDA:107,15,0,0
BRDA:107,15,1,0
BRDA:122,16,0,0
BRDA:125,17,0,0
BRDA:125,17,1,0
BRDA:134,18,0,0
BRDA:134,18,1,0
BRDA:152,19,0,0
BRDA:152,20,0,0
BRDA:154,21,0,0
BRDA:154,21,1,0
BRDA:154,22,0,0
BRDA:154,22,1,0
BRDA:159,23,0,0
BRDA:159,23,1,0
BRDA:194,24,0,0
BRDA:194,24,1,0
BRF:42
BRH:0
end_of_record
TN:
SF:src/tools/vault-write-guard.js
FN:11,(anonymous_0)
FN:21,(anonymous_1)
FN:29,(anonymous_2)
FN:57,(anonymous_3)
FN:71,(anonymous_4)
FN:96,(anonymous_5)
FN:98,(anonymous_6)
FN:112,checkVaultWrite
FNF:8
FNH:0
FNDA:0,(anonymous_0)
FNDA:0,(anonymous_1)
FNDA:0,(anonymous_2)
FNDA:0,(anonymous_3)
FNDA:0,(anonymous_4)
FNDA:0,(anonymous_5)
FNDA:0,(anonymous_6)
FNDA:0,checkVaultWrite
DA:12,0
DA:13,0
DA:14,0
DA:15,0
DA:22,0
DA:23,0
DA:30,0
DA:31,0
DA:34,0
DA:35,0
DA:44,0
DA:45,0
DA:48,0
DA:51,0
DA:58,0
DA:59,0
DA:61,0
DA:62,0
DA:64,0
DA:72,0
DA:97,0
DA:99,0
DA:100,0
DA:101,0
DA:103,0
DA:113,0
DA:114,0
LF:27
LH:0
BRDA:14,0,0,0
BRDA:14,0,1,0
BRDA:15,1,0,0
BRDA:15,1,1,0
BRDA:29,2,0,0
BRDA:30,3,0,0
BRDA:30,3,1,0
BRDA:34,4,0,0
BRDA:34,4,1,0
BRDA:44,5,0,0
BRDA:44,5,1,0
BRDA:100,6,0,0
BRDA:100,6,1,0
BRF:13
BRH:0
end_of_record
TN:
SF:src/tools/writing-tools.js
FN:10,write_note
FN:54,(anonymous_1)
FN:98,(anonymous_2)
FN:122,append_to_daily_note
FN:207,add_daily_task
FNF:5
FNH:0
FNDA:0,write_note
FNDA:0,(anonymous_1)
FNDA:0,(anonymous_2)
FNDA:0,append_to_daily_note
FNDA:0,add_daily_task
DA:11,0
DA:13,0
DA:14,0
DA:17,0
DA:18,0
DA:22,0
DA:23,0
DA:24,0
DA:27,0
DA:28,0
DA:31,0
DA:33,0
DA:36,0
DA:37,0
DA:38,0
DA:39,0
DA:40,0
DA:47,0
DA:50,0
DA:53,0
DA:54,0
DA:56,0
DA:60,0
DA:61,0
DA:63,0
DA:68,0
DA:69,0
DA:71,0
DA:75,0
DA:76,0
DA:77,0
DA:79,0
DA:80,0
DA:81,0
DA:87,0
DA:88,0
DA:92,0
DA:93,0
DA:97,0
DA:98,0
DA:100,0
DA:102,0
DA:104,0
DA:105,0
DA:110,0
DA:113,0
DA:115,0
DA:123,0
DA:126,0
DA:127,0
DA:128,0
DA:131,0
DA:132,0
DA:133,0
DA:134,0
DA:135,0
DA:136,0
DA:137,0
DA:140,0
DA:141,0
DA:142,0
DA:145,0
DA:146,0
DA:147,0
DA:150,0
DA:164,0
DA:167,0
DA:168,0
DA:170,0
DA:171,0
DA:172,0
DA:173,0
DA:177,0
DA:179,0
DA:180,0
DA:184,0
DA:185,0
DA:186,0
DA:190,0
DA:193,0
DA:196,0
DA:197,0
DA:199,0
DA:208,0
DA:211,0
DA:213,0
DA:214,0
DA:219,0
DA:222,0
DA:225,0
LF:90
LH:0
BRDA:11,0,0,0
BRDA:13,1,0,0
BRDA:13,1,1,0
BRDA:17,2,0,0
BRDA:17,2,1,0
BRDA:22,3,0,0
BRDA:22,3,1,0
BRDA:36,4,0,0
BRDA:36,4,1,0
BRDA:60,5,0,0
BRDA:60,5,1,0
BRDA:68,6,0,0
BRDA:68,6,1,0
BRDA:77,7,0,0
BRDA:77,7,1,0
BRDA:80,8,0,0
BRDA:80,8,1,0
BRDA:87,9,0,0
BRDA:87,9,1,0
BRDA:92,10,0,0
BRDA:92,10,1,0
BRDA:97,11,0,0
BRDA:97,11,1,0
BRDA:97,12,0,0
BRDA:97,12,1,0
BRDA:123,13,0,0
BRDA:123,14,0,0
BRDA:126,15,0,0
BRDA:126,15,1,0
BRDA:132,16,0,0
BRDA:132,16,1,0
BRDA:134,17,0,0
BRDA:134,17,1,0
BRDA:136,18,0,0
BRDA:136,18,1,0
BRDA:171,19,0,0
BRDA:171,19,1,0
BRDA:177,20,0,0
BRDA:177,20,1,0
BRDA:185,21,0,0
BRDA:185,21,1,0
BRDA:208,22,0,0
BRDA:208,23,0,0
BRDA:211,24,0,0
BRDA:211,24,1,0
BRDA:213,25,0,0
BRDA:213,25,1,0
BRF:47
BRH:0
end_of_record
